Coordinates
Provenance
Time:  8.78400E+03 h
Time:  8.90400E+03 h
Time:  9.02400E+03 h
Coordinates
Time:  9.14400E+03 h
Provenance
Time:  8.78400E+03 h
Time:  9.26400E+03 h
Time:  9.38400E+03 h
Time:  8.90400E+03 h
Time:  9.50400E+03 h
Time:  9.02400E+03 h
Coordinates
Time:  9.62400E+03 h
Provenance
Time:  8.78400E+03 h
Time:  9.14400E+03 h
Time:  8.90400E+03 h
Time:  9.26400E+03 h
Time:  9.74400E+03 h
Time:  9.02400E+03 h
Time:  9.38400E+03 h
Time:  9.86400E+03 h
Time:  9.14400E+03 h
Time:  9.50400E+03 h
Time:  9.98400E+03 h
Time:  9.26400E+03 h
Time:  9.62400E+03 h
Time:  1.01040E+04 h
Time:  9.74400E+03 h
Time:  9.38400E+03 h
Time:  1.02240E+04 h
Time:  9.86400E+03 h
Time:  9.50400E+03 h
Time:  1.03440E+04 h
Time:  9.62400E+03 h
Time:  9.98400E+03 h
Time:  1.04640E+04 h
Time:  9.74400E+03 h
Time:  1.01040E+04 h
Time:  1.05840E+04 h
Time:  9.86400E+03 h
Time:  1.02240E+04 h
Time:  1.07040E+04 h
Time:  9.98400E+03 h
Time:  1.03440E+04 h
Time:  1.08240E+04 h
Time:  1.01040E+04 h
Time:  1.04640E+04 h
Time:  1.09440E+04 h
Time:  1.02240E+04 h
Time:  1.10640E+04 h
Time:  1.03440E+04 h
Time:  1.05840E+04 h
Time:  1.11840E+04 h
Time:  1.04640E+04 h
Time:  1.07040E+04 h
Time:  1.13040E+04 h
Time:  1.05840E+04 h
Time:  1.08240E+04 h
Time:  1.14240E+04 h
Time:  1.07040E+04 h
Time:  1.09440E+04 h
Time:  1.15440E+04 h
Time:  1.08240E+04 h
Time:  1.10640E+04 h
Time:  1.16640E+04 h
Time:  1.09440E+04 h
Time:  1.11840E+04 h
Time:  1.17840E+04 h
Time:  1.10640E+04 h
Time:  1.13040E+04 h
Time:  1.19040E+04 h
Time:  1.11840E+04 h
Time:  1.14240E+04 h
Time:  1.20240E+04 h
Time:  1.13040E+04 h
Time:  1.15440E+04 h
Time:  1.21440E+04 h
Time:  1.14240E+04 h
Time:  1.16640E+04 h
Time:  1.22640E+04 h
Time:  1.15440E+04 h
Time:  1.17840E+04 h
Time:  1.23840E+04 h
Time:  1.16640E+04 h
Time:  1.25040E+04 h
Time:  1.19040E+04 h
Time:  1.17840E+04 h
Time:  1.20240E+04 h
Time:  1.26240E+04 h
Time:  1.19040E+04 h
Time:  1.21440E+04 h
Time:  1.20240E+04 h
Time:  1.27440E+04 h
Time:  1.22640E+04 h
Time:  1.21440E+04 h
Time:  1.28640E+04 h
Time:  1.23840E+04 h
Time:  1.22640E+04 h
Time:  1.29840E+04 h
Time:  1.25040E+04 h
Time:  1.23840E+04 h
Time:  1.31040E+04 h
Time:  1.26240E+04 h
Time:  1.32240E+04 h
Time:  1.25040E+04 h
Time:  1.27440E+04 h
Time:  1.33440E+04 h
Time:  1.26240E+04 h
Time:  1.28640E+04 h
Time:  1.34640E+04 h
Time:  1.27440E+04 h
Time:  1.29840E+04 h
Time:  1.35840E+04 h
Time:  1.28640E+04 h
Time:  1.31040E+04 h
Time:  1.37040E+04 h
Time:  1.29840E+04 h
Time:  1.38240E+04 h
Time:  1.32240E+04 h
Time:  1.31040E+04 h
Time:  1.39440E+04 h
Time:  1.33440E+04 h
Time:  1.32240E+04 h
Time:  1.40640E+04 h
Time:  1.34640E+04 h
Time:  1.33440E+04 h
Time:  1.41840E+04 h
Time:  1.35840E+04 h
Time:  1.34640E+04 h
Time:  1.43040E+04 h
Time:  1.37040E+04 h
Time:  1.35840E+04 h
Time:  1.44240E+04 h
Time:  1.38240E+04 h
Time:  1.37040E+04 h
Time:  1.45440E+04 h
Time:  1.39440E+04 h
Time:  1.38240E+04 h
Time:  1.46640E+04 h
Time:  1.40640E+04 h
Time:  1.39440E+04 h
Time:  1.47840E+04 h
Time:  1.41840E+04 h
Time:  1.40640E+04 h
Time:  1.49040E+04 h
Time:  1.41840E+04 h
Time:  1.43040E+04 h
Time:  1.50240E+04 h
Time:  1.43040E+04 h
Time:  1.44240E+04 h
Time:  1.51440E+04 h
Time:  1.44240E+04 h
Time:  1.52640E+04 h
Time:  1.45440E+04 h
Time:  1.45440E+04 h
Time:  1.53840E+04 h
Time:  1.46640E+04 h
Time:  1.46640E+04 h
Time:  1.55040E+04 h
Time:  1.47840E+04 h
Time:  1.56240E+04 h
Time:  1.47840E+04 h
Time:  1.49040E+04 h
Time:  1.57440E+04 h
Time:  1.49040E+04 h
Time:  1.50240E+04 h
Time:  1.50240E+04 h
Time:  1.51440E+04 h
Time:  1.58640E+04 h
Time:  1.51440E+04 h
Time:  1.59840E+04 h
Time:  1.52640E+04 h
Time:  1.52640E+04 h
Time:  1.61040E+04 h
Time:  1.53840E+04 h
Time:  1.53840E+04 h
Time:  1.62240E+04 h
Time:  1.55040E+04 h
Time:  1.55040E+04 h
Time:  1.63440E+04 h
Time:  1.56240E+04 h
Time:  1.56240E+04 h
Time:  1.64640E+04 h
Time:  1.57440E+04 h
Time:  1.57440E+04 h
Time:  1.65840E+04 h
Time:  1.58640E+04 h
Time:  1.58640E+04 h
Time:  1.67040E+04 h
Time:  1.59840E+04 h
Time:  1.59840E+04 h
Time:  1.68240E+04 h
Time:  1.61040E+04 h
Time:  1.61040E+04 h
Time:  1.69440E+04 h
Time:  1.70640E+04 h
Time:  1.62240E+04 h
Time:  1.62240E+04 h
Time:  1.71840E+04 h
Time:  1.63440E+04 h
Time:  1.63440E+04 h
Time:  1.64640E+04 h
Time:  1.73040E+04 h
Time:  1.64640E+04 h
Time:  1.65840E+04 h
Time:  1.74240E+04 h
Time:  1.65840E+04 h
Time:  1.67040E+04 h
Time:  1.75440E+04 h
Time:  1.67040E+04 h
Time:  1.68240E+04 h
Time:  1.76640E+04 h
Time:  1.68240E+04 h
Time:  1.69440E+04 h
Time:  1.69440E+04 h
Time:  1.77840E+04 h
Time:  1.70640E+04 h
Time:  1.70640E+04 h
Time:  1.79040E+04 h
Time:  1.71840E+04 h
Time:  1.71840E+04 h
Time:  1.80240E+04 h
Time:  1.73040E+04 h
Time:  1.73040E+04 h
Time:  1.81440E+04 h
Time:  1.74240E+04 h
Time:  1.74240E+04 h
Time:  1.82640E+04 h
Time:  1.75440E+04 h
Time:  1.75440E+04 h
Time:  1.83840E+04 h
Time:  1.76640E+04 h
Time:  1.76640E+04 h
Time:  1.85040E+04 h
Time:  1.77840E+04 h
Time:  1.77840E+04 h
Time:  1.86240E+04 h
Time:  1.79040E+04 h
Time:  1.79040E+04 h
Time:  1.87440E+04 h
Time:  1.80240E+04 h
Time:  1.80240E+04 h
Time:  1.88640E+04 h
Time:  1.81440E+04 h
Time:  1.81440E+04 h
Time:  1.89840E+04 h
Time:  1.82640E+04 h
Time:  1.82640E+04 h
Time:  1.91040E+04 h
Time:  1.83840E+04 h
Time:  1.83840E+04 h
Time:  1.92240E+04 h
Time:  1.85040E+04 h
Time:  1.85040E+04 h
Time:  1.93440E+04 h
Time:  1.86240E+04 h
Time:  1.86240E+04 h
Time:  1.94640E+04 h
Time:  1.87440E+04 h
Time:  1.87440E+04 h
Time:  1.95840E+04 h
Time:  1.88640E+04 h
Time:  1.88640E+04 h
Time:  1.89840E+04 h
Time:  1.97040E+04 h
Time:  1.89840E+04 h
Time:  1.91040E+04 h
Time:  1.98240E+04 h
Time:  1.91040E+04 h
Time:  1.92240E+04 h
Time:  1.99440E+04 h
Time:  1.92240E+04 h
Time:  1.93440E+04 h
Time:  2.00640E+04 h
Time:  1.94640E+04 h
Time:  1.93440E+04 h
Time:  2.01840E+04 h
Time:  1.94640E+04 h
Time:  1.95840E+04 h
Time:  2.03040E+04 h
Time:  1.95840E+04 h
Time:  1.97040E+04 h
Time:  2.04240E+04 h
Time:  1.97040E+04 h
Time:  1.98240E+04 h
Time:  2.05440E+04 h
Time:  1.99440E+04 h
Time:  1.98240E+04 h
Time:  2.06640E+04 h
Time:  2.00640E+04 h
Time:  1.99440E+04 h
Time:  2.07840E+04 h
Time:  2.01840E+04 h
Time:  2.00640E+04 h
Time:  2.09040E+04 h
Time:  2.03040E+04 h
Time:  2.01840E+04 h
Time:  2.10240E+04 h
Time:  2.04240E+04 h
Time:  2.03040E+04 h
Time:  2.11440E+04 h
Time:  2.05440E+04 h
Time:  2.04240E+04 h
Time:  2.12640E+04 h
Time:  2.06640E+04 h
Time:  2.05440E+04 h
Time:  2.13840E+04 h
Time:  2.07840E+04 h
Time:  2.06640E+04 h
Time:  2.15040E+04 h
Time:  2.09040E+04 h
Time:  2.07840E+04 h
Time:  2.16240E+04 h
Time:  2.10240E+04 h
Time:  2.09040E+04 h
Time:  2.17440E+04 h
Time:  2.11440E+04 h
Time:  2.10240E+04 h
Time:  2.12640E+04 h
Time:  2.18640E+04 h
Time:  2.11440E+04 h
Time:  2.13840E+04 h
Time:  2.19840E+04 h
Time:  2.12640E+04 h
Time:  2.15040E+04 h
Time:  2.21040E+04 h
Time:  2.13840E+04 h
Time:  2.22240E+04 h
Time:  2.16240E+04 h
Time:  2.15040E+04 h
Time:  2.17440E+04 h
Time:  2.23440E+04 h
Time:  2.16240E+04 h
Time:  2.18640E+04 h
Time:  2.24640E+04 h
Time:  2.17440E+04 h
Time:  2.19840E+04 h
Time:  2.25840E+04 h
Time:  2.18640E+04 h
Time:  2.21040E+04 h
Time:  2.27040E+04 h
Time:  2.19840E+04 h
Time:  2.22240E+04 h
Time:  2.28240E+04 h
Time:  2.21040E+04 h
Time:  2.23440E+04 h
Time:  2.29440E+04 h
Time:  2.22240E+04 h
Time:  2.24640E+04 h
Time:  2.30640E+04 h
Time:  2.25840E+04 h
Time:  2.23440E+04 h
Time:  2.31840E+04 h
Time:  2.27040E+04 h
Time:  2.24640E+04 h
Time:  2.33040E+04 h
Time:  2.25840E+04 h
Time:  2.28240E+04 h
Time:  2.34240E+04 h
Time:  2.27040E+04 h
Time:  2.29440E+04 h
Time:  2.35440E+04 h
Time:  2.28240E+04 h
Time:  2.30640E+04 h
Time:  2.36640E+04 h
Time:  2.29440E+04 h
Time:  2.31840E+04 h
Time:  2.37840E+04 h
Time:  2.30640E+04 h
Time:  2.33040E+04 h
Time:  2.39040E+04 h
Time:  2.31840E+04 h
Time:  2.34240E+04 h
Time:  2.40240E+04 h
Time:  2.33040E+04 h
Time:  2.35440E+04 h
Time:  2.41440E+04 h
Time:  2.34240E+04 h
Time:  2.36640E+04 h
Time:  2.42640E+04 h
Time:  2.35440E+04 h
Time:  2.37840E+04 h
Time:  2.43840E+04 h
Time:  2.36640E+04 h
Time:  2.45040E+04 h
Time:  2.37840E+04 h
Time:  2.39040E+04 h
Time:  2.39040E+04 h
Time:  2.40240E+04 h
Time:  2.46240E+04 h
Time:  2.40240E+04 h
Time:  2.41440E+04 h
Time:  2.47440E+04 h
Time:  2.41440E+04 h
Time:  2.42640E+04 h
Time:  2.48640E+04 h
Time:  2.42640E+04 h
Time:  2.43840E+04 h
Time:  2.49840E+04 h
Time:  2.43840E+04 h
Time:  2.45040E+04 h
Time:  2.51040E+04 h
Time:  2.45040E+04 h
Time:  2.46240E+04 h
Time:  2.52240E+04 h
Time:  2.46240E+04 h
Time:  2.47440E+04 h
Time:  2.53440E+04 h
Time:  2.47440E+04 h
Time:  2.48640E+04 h
Time:  2.54640E+04 h
Time:  2.49840E+04 h
Time:  2.55840E+04 h
Time:  2.48640E+04 h
Time:  2.57040E+04 h
Time:  2.51040E+04 h
Time:  2.49840E+04 h
Time:  2.58240E+04 h
Time:  2.52240E+04 h
Time:  2.59440E+04 h
Time:  2.53440E+04 h
Time:  2.51040E+04 h
Time:  2.54640E+04 h
Time:  2.60640E+04 h
Time:  2.52240E+04 h
Time:  2.61840E+04 h
Time:  2.55840E+04 h
Time:  2.53440E+04 h
Time:  2.63040E+04 h
Time:  2.57040E+04 h
Time:  2.54640E+04 h
Time:  2.64240E+04 h
Time:  2.58240E+04 h
Time:  2.55840E+04 h
Time:  2.65440E+04 h
Time:  2.59440E+04 h
Time:  2.57040E+04 h
Time:  2.66640E+04 h
Time:  2.58240E+04 h
Time:  2.60640E+04 h
Time:  2.67840E+04 h
Time:  2.61840E+04 h
Time:  2.59440E+04 h
Time:  2.69040E+04 h
Time:  2.63040E+04 h
Time:  2.60640E+04 h
Time:  2.70240E+04 h
Time:  2.61840E+04 h
Time:  2.64240E+04 h
Time:  2.71440E+04 h
Time:  2.63040E+04 h
Time:  2.65440E+04 h
Time:  2.72640E+04 h
Time:  2.64240E+04 h
Time:  2.66640E+04 h
Time:  2.73840E+04 h
Time:  2.65440E+04 h
Time:  2.67840E+04 h
Time:  2.75040E+04 h
Time:  2.66640E+04 h
Time:  2.69040E+04 h
Time:  2.67840E+04 h
Time:  2.70240E+04 h
Time:  2.76240E+04 h
Time:  2.69040E+04 h
Time:  2.71440E+04 h
Time:  2.77440E+04 h
Time:  2.70240E+04 h
Time:  2.72640E+04 h
Time:  2.78640E+04 h
Time:  2.71440E+04 h
Time:  2.79840E+04 h
Time:  2.73840E+04 h
Time:  2.72640E+04 h
Time:  2.75040E+04 h
Time:  2.81040E+04 h
Time:  2.73840E+04 h
Time:  2.82240E+04 h
Time:  2.76240E+04 h
Time:  2.75040E+04 h
Time:  2.83440E+04 h
Time:  2.77440E+04 h
Time:  2.76240E+04 h
Time:  2.84640E+04 h
Time:  2.78640E+04 h
Time:  2.77440E+04 h
Time:  2.85840E+04 h
Time:  2.79840E+04 h
Time:  2.78640E+04 h
Time:  2.87040E+04 h
Time:  2.81040E+04 h
Time:  2.88240E+04 h
Time:  2.82240E+04 h
Time:  2.79840E+04 h
Time:  2.89440E+04 h
Time:  2.83440E+04 h
Time:  2.81040E+04 h
Time:  2.90640E+04 h
Time:  2.82240E+04 h
Time:  2.84640E+04 h
Time:  2.91840E+04 h
Time:  2.85840E+04 h
Time:  2.83440E+04 h
Time:  2.93040E+04 h
Time:  2.87040E+04 h
Time:  2.84640E+04 h
Time:  2.94240E+04 h
Time:  2.88240E+04 h
Time:  2.85840E+04 h
Time:  2.89440E+04 h
Time:  2.95440E+04 h
Time:  2.87040E+04 h
Time:  2.90640E+04 h
Time:  2.96640E+04 h
Time:  2.88240E+04 h
Time:  2.97840E+04 h
Time:  2.91840E+04 h
Time:  2.89440E+04 h
Time:  2.99040E+04 h
Time:  2.93040E+04 h
Time:  2.90640E+04 h
Time:  3.00240E+04 h
Time:  2.94240E+04 h
Time:  2.91840E+04 h
Time:  3.01440E+04 h
Time:  2.95440E+04 h
Time:  2.93040E+04 h
Time:  3.02640E+04 h
Time:  2.96640E+04 h
Time:  2.94240E+04 h
Time:  3.03840E+04 h
Time:  2.95440E+04 h
Time:  2.97840E+04 h
Time:  2.96640E+04 h
Time:  2.99040E+04 h
Time:  3.05040E+04 h
Time:  2.97840E+04 h
Time:  3.00240E+04 h
Time:  3.06240E+04 h
Time:  2.99040E+04 h
Time:  3.01440E+04 h
Time:  3.07440E+04 h
Time:  3.00240E+04 h
Time:  3.08640E+04 h
Time:  3.02640E+04 h
Time:  3.01440E+04 h
Time:  3.09840E+04 h
Time:  3.02640E+04 h
Time:  3.03840E+04 h
Time:  3.11040E+04 h
Time:  3.05040E+04 h
Time:  3.03840E+04 h
Time:  3.05040E+04 h
Time:  3.12240E+04 h
Time:  3.06240E+04 h
Time:  3.13440E+04 h
Time:  3.07440E+04 h
Time:  3.06240E+04 h
Time:  3.14640E+04 h
Time:  3.08640E+04 h
Time:  3.07440E+04 h
Time:  3.15840E+04 h
Time:  3.09840E+04 h
Time:  3.08640E+04 h
Time:  3.17040E+04 h
Time:  3.11040E+04 h
Time:  3.18240E+04 h
Time:  3.09840E+04 h
Time:  3.12240E+04 h
Time:  3.19440E+04 h
Time:  3.11040E+04 h
Time:  3.13440E+04 h
Time:  3.20640E+04 h
Time:  3.12240E+04 h
Time:  3.14640E+04 h
Time:  3.21840E+04 h
Time:  3.13440E+04 h
Time:  3.15840E+04 h
Time:  3.23040E+04 h
Time:  3.14640E+04 h
Time:  3.17040E+04 h
Time:  3.24240E+04 h
Time:  3.15840E+04 h
Time:  3.18240E+04 h
Time:  3.25440E+04 h
Time:  3.17040E+04 h
Time:  3.19440E+04 h
Time:  3.26640E+04 h
Time:  3.18240E+04 h
Time:  3.20640E+04 h
Time:  3.27840E+04 h
Time:  3.19440E+04 h
Time:  3.21840E+04 h
Time:  3.29040E+04 h
Time:  3.20640E+04 h
Time:  3.23040E+04 h
Time:  3.30240E+04 h
Time:  3.21840E+04 h
Time:  3.24240E+04 h
Time:  3.31440E+04 h
Time:  3.23040E+04 h
Time:  3.25440E+04 h
Time:  3.32640E+04 h
Time:  3.24240E+04 h
Time:  3.26640E+04 h
Time:  3.25440E+04 h
Time:  3.33840E+04 h
Time:  3.27840E+04 h
Time:  3.26640E+04 h
Time:  3.35040E+04 h
Time:  3.29040E+04 h
Time:  3.27840E+04 h
Time:  3.36240E+04 h
Time:  3.30240E+04 h
Time:  3.29040E+04 h
Time:  3.37440E+04 h
Time:  3.31440E+04 h
Time:  3.30240E+04 h
Time:  3.38640E+04 h
Time:  3.32640E+04 h
Time:  3.31440E+04 h
Time:  3.39840E+04 h
Time:  3.33840E+04 h
Time:  3.32640E+04 h
Time:  3.41040E+04 h
Time:  3.35040E+04 h
Time:  3.33840E+04 h
Time:  3.42240E+04 h
Time:  3.36240E+04 h
Time:  3.35040E+04 h
Time:  3.43440E+04 h
Time:  3.37440E+04 h
Time:  3.36240E+04 h
Time:  3.38640E+04 h
Time:  3.44640E+04 h
Time:  3.39840E+04 h
Time:  3.45840E+04 h
Time:  3.37440E+04 h
Time:  3.41040E+04 h
Time:  3.47040E+04 h
Time:  3.38640E+04 h
Time:  3.42240E+04 h
Time:  3.39840E+04 h
Time:  3.48240E+04 h
Time:  3.43440E+04 h
Time:  3.49440E+04 h
Time:  3.41040E+04 h
Time:  3.44640E+04 h
Time:  3.50640E+04 h
Time:  3.42240E+04 h
Time:  3.45840E+04 h
Time:  3.51840E+04 h
Time:  3.43440E+04 h
Time:  3.53040E+04 h
Time:  3.47040E+04 h
Time:  3.44640E+04 h
Time:  3.54240E+04 h
Time:  3.48240E+04 h
Time:  3.45840E+04 h
Time:  3.55440E+04 h
Time:  3.49440E+04 h
Time:  3.47040E+04 h
Time:  3.56640E+04 h
Time:  3.50640E+04 h
Time:  3.48240E+04 h
Time:  3.57840E+04 h
Time:  3.51840E+04 h
Time:  3.49440E+04 h
Time:  3.59040E+04 h
Time:  3.53040E+04 h
Time:  3.60240E+04 h
Time:  3.50640E+04 h
Time:  3.54240E+04 h
Time:  3.61440E+04 h
Time:  3.51840E+04 h
Time:  3.55440E+04 h
Time:  3.53040E+04 h
Time:  3.62640E+04 h
Time:  3.56640E+04 h
Time:  3.54240E+04 h
Time:  3.63840E+04 h
Time:  3.57840E+04 h
Time:  3.55440E+04 h
Time:  3.65040E+04 h
Time:  3.59040E+04 h
Time:  3.56640E+04 h
Time:  3.66240E+04 h
Time:  3.60240E+04 h
Time:  3.57840E+04 h
Time:  3.67440E+04 h
Time:  3.59040E+04 h
Time:  3.61440E+04 h
Time:  3.68640E+04 h
Time:  3.60240E+04 h
Time:  3.62640E+04 h
Time:  3.69840E+04 h
Time:  3.63840E+04 h
Time:  3.61440E+04 h
Time:  3.71040E+04 h
Time:  3.65040E+04 h
Time:  3.62640E+04 h
Time:  3.72240E+04 h
Time:  3.66240E+04 h
Time:  3.63840E+04 h
Time:  3.73440E+04 h
Time:  3.67440E+04 h
Time:  3.74640E+04 h
Time:  3.65040E+04 h
Time:  3.68640E+04 h
Time:  3.75840E+04 h
Time:  3.66240E+04 h
Time:  3.69840E+04 h
Time:  3.77040E+04 h
Time:  3.67440E+04 h
Time:  3.71040E+04 h
Time:  3.78240E+04 h
Time:  3.68640E+04 h
Time:  3.72240E+04 h
Time:  3.79440E+04 h
Time:  3.69840E+04 h
Time:  3.73440E+04 h
Time:  3.71040E+04 h
Time:  3.80640E+04 h
Time:  3.74640E+04 h
Time:  3.72240E+04 h
Time:  3.81840E+04 h
Time:  3.75840E+04 h
Time:  3.83040E+04 h
Time:  3.73440E+04 h
Time:  3.77040E+04 h
Time:  3.84240E+04 h
Time:  3.74640E+04 h
Time:  3.78240E+04 h
Time:  3.85440E+04 h
Time:  3.75840E+04 h
Time:  3.79440E+04 h
Time:  3.77040E+04 h
Time:  3.86640E+04 h
Time:  3.80640E+04 h
Time:  3.78240E+04 h
Time:  3.87840E+04 h
Time:  3.81840E+04 h
Time:  3.79440E+04 h
Time:  3.89040E+04 h
Time:  3.83040E+04 h
Time:  3.80640E+04 h
Time:  3.84240E+04 h
Time:  3.81840E+04 h
Time:  3.90240E+04 h
Time:  3.85440E+04 h
Time:  3.83040E+04 h
Time:  3.91440E+04 h
Time:  3.86640E+04 h
Time:  3.84240E+04 h
Time:  3.92640E+04 h
Time:  3.85440E+04 h
Time:  3.87840E+04 h
Time:  3.93840E+04 h
Time:  3.86640E+04 h
Time:  3.89040E+04 h
Time:  3.95040E+04 h
Time:  3.87840E+04 h
Time:  3.90240E+04 h
Time:  3.96240E+04 h
Time:  3.89040E+04 h
Time:  3.91440E+04 h
Time:  3.97440E+04 h
Time:  3.92640E+04 h
Time:  3.90240E+04 h
Time:  3.98640E+04 h
Time:  3.91440E+04 h
Time:  3.93840E+04 h
Time:  3.99840E+04 h
Time:  3.95040E+04 h
Time:  3.92640E+04 h
Time:  4.01040E+04 h
Time:  3.96240E+04 h
Time:  4.02240E+04 h
Time:  3.93840E+04 h
Time:  3.97440E+04 h
Time:  4.03440E+04 h
Time:  3.95040E+04 h
Time:  3.96240E+04 h
Time:  4.04640E+04 h
Time:  3.98640E+04 h
Time:  3.97440E+04 h
Time:  4.05840E+04 h
Time:  3.99840E+04 h
Time:  3.98640E+04 h
Time:  4.07040E+04 h
Time:  4.01040E+04 h
Time:  3.99840E+04 h
Time:  4.08240E+04 h
Time:  4.02240E+04 h
Time:  4.01040E+04 h
Time:  4.09440E+04 h
Time:  4.03440E+04 h
Time:  4.02240E+04 h
Time:  4.10640E+04 h
Time:  4.04640E+04 h
Time:  4.03440E+04 h
Time:  4.11840E+04 h
Time:  4.05840E+04 h
Time:  4.04640E+04 h
Time:  4.13040E+04 h
Time:  4.07040E+04 h
Time:  4.05840E+04 h
Time:  4.14240E+04 h
Time:  4.08240E+04 h
Time:  4.15440E+04 h
Time:  4.07040E+04 h
Time:  4.08240E+04 h
Time:  4.09440E+04 h
Time:  4.16640E+04 h
Time:  4.09440E+04 h
Time:  4.10640E+04 h
Time:  4.17840E+04 h
Time:  4.10640E+04 h
Time:  4.11840E+04 h
Time:  4.19040E+04 h
Time:  4.11840E+04 h
Time:  4.13040E+04 h
Time:  4.20240E+04 h
Time:  4.13040E+04 h
Time:  4.14240E+04 h
Time:  4.14240E+04 h
Time:  4.21440E+04 h
Time:  4.15440E+04 h
Time:  4.15440E+04 h
Time:  4.22640E+04 h
Time:  4.16640E+04 h
Time:  4.16640E+04 h
Time:  4.23840E+04 h
Time:  4.17840E+04 h
Time:  4.17840E+04 h
Time:  4.25040E+04 h
Time:  4.19040E+04 h
Time:  4.19040E+04 h
Time:  4.26240E+04 h
Time:  4.20240E+04 h
Time:  4.27440E+04 h
Time:  4.20240E+04 h
Time:  4.21440E+04 h
Time:  4.28640E+04 h
Time:  4.21440E+04 h
Time:  4.22640E+04 h
Time:  4.29840E+04 h
Time:  4.22640E+04 h
Time:  4.23840E+04 h
Time:  4.31040E+04 h
Time:  4.23840E+04 h
Time:  4.25040E+04 h
Time:  4.32240E+04 h
Time:  4.25040E+04 h
Time:  4.26240E+04 h
Time:  4.26240E+04 h
Time:  4.33440E+04 h
Time:  4.27440E+04 h
Time:  4.27440E+04 h
Time:  4.34640E+04 h
Time:  4.28640E+04 h
Time:  4.28640E+04 h
Time:  4.35840E+04 h
Time:  4.29840E+04 h
Time:  4.29840E+04 h
Time:  4.37040E+04 h
Time:  4.31040E+04 h
Time:  4.38240E+04 h
Time:  4.31040E+04 h
Time:  4.32240E+04 h
Time:  4.32240E+04 h
Time:  4.39440E+04 h
Time:  4.33440E+04 h
Time:  4.33440E+04 h
Time:  4.40640E+04 h
Time:  4.34640E+04 h
Time:  4.34640E+04 h
Time:  4.41840E+04 h
Time:  4.35840E+04 h
Time:  4.35840E+04 h
Time:  4.37040E+04 h
Time:  4.37040E+04 h
Time:  4.43040E+04 h
Time:  4.38240E+04 h
Time:  4.38240E+04 h
Time:  4.44240E+04 h
Time:  4.39440E+04 h
Time:  4.45440E+04 h
Time:  4.39440E+04 h
Time:  4.40640E+04 h
Time:  4.46640E+04 h
Time:  4.40640E+04 h
Time:  4.41840E+04 h
Time:  4.47840E+04 h
Time:  4.41840E+04 h
Time:  4.43040E+04 h
Time:  4.43040E+04 h
Time:  4.49040E+04 h
Time:  4.44240E+04 h
Time:  4.44240E+04 h
Time:  4.50240E+04 h
Time:  4.45440E+04 h
Time:  4.45440E+04 h
Time:  4.51440E+04 h
Time:  4.46640E+04 h
Time:  4.46640E+04 h
Time:  4.52640E+04 h
Time:  4.47840E+04 h
Time:  4.47840E+04 h
Time:  4.53840E+04 h
Time:  4.49040E+04 h
Time:  4.49040E+04 h
Time:  4.55040E+04 h
Time:  4.50240E+04 h
Time:  4.50240E+04 h
Time:  4.56240E+04 h
Time:  4.51440E+04 h
Time:  4.51440E+04 h
Time:  4.57440E+04 h
Time:  4.52640E+04 h
Time:  4.52640E+04 h
Time:  4.58640E+04 h
Time:  4.53840E+04 h
Time:  4.53840E+04 h
Time:  4.59840E+04 h
Time:  4.55040E+04 h
Time:  4.55040E+04 h
Time:  4.61040E+04 h
Time:  4.56240E+04 h
Time:  4.56240E+04 h
Time:  4.62240E+04 h
Time:  4.57440E+04 h
Time:  4.57440E+04 h
Time:  4.63440E+04 h
Time:  4.58640E+04 h
Time:  4.58640E+04 h
Time:  4.64640E+04 h
Time:  4.59840E+04 h
Time:  4.59840E+04 h
Time:  4.65840E+04 h
Time:  4.61040E+04 h
Time:  4.61040E+04 h
Time:  4.67040E+04 h
Time:  4.62240E+04 h
Time:  4.62240E+04 h
Time:  4.63440E+04 h
Time:  4.63440E+04 h
Time:  4.68240E+04 h
Time:  4.64640E+04 h
Time:  4.64640E+04 h
Time:  4.69440E+04 h
Time:  4.65840E+04 h
Time:  4.65840E+04 h
Time:  4.70640E+04 h
Time:  4.67040E+04 h
Time:  4.67040E+04 h
Time:  4.71840E+04 h
Time:  4.68240E+04 h
Time:  4.68240E+04 h
Time:  4.69440E+04 h
Time:  4.73040E+04 h
Time:  4.69440E+04 h
Time:  4.70640E+04 h
Time:  4.70640E+04 h
Time:  4.74240E+04 h
Time:  4.71840E+04 h
Time:  4.71840E+04 h
Time:  4.75440E+04 h
Time:  4.73040E+04 h
Time:  4.73040E+04 h
Time:  4.76640E+04 h
Time:  4.74240E+04 h
Time:  4.74240E+04 h
Time:  4.77840E+04 h
Time:  4.75440E+04 h
Time:  4.79040E+04 h
Time:  4.75440E+04 h
Time:  4.76640E+04 h
Time:  4.76640E+04 h
Time:  4.80240E+04 h
Time:  4.77840E+04 h
Time:  4.77840E+04 h
Time:  4.81440E+04 h
Time:  4.79040E+04 h
Time:  4.79040E+04 h
Time:  4.82640E+04 h
Time:  4.80240E+04 h
Time:  4.80240E+04 h
Time:  4.83840E+04 h
Time:  4.81440E+04 h
Time:  4.81440E+04 h
Time:  4.85040E+04 h
Time:  4.82640E+04 h
Time:  4.82640E+04 h
Time:  4.86240E+04 h
Time:  4.83840E+04 h
Time:  4.83840E+04 h
Time:  4.87440E+04 h
Time:  4.85040E+04 h
Time:  4.85040E+04 h
Time:  4.88640E+04 h
Time:  4.86240E+04 h
Time:  4.86240E+04 h
Time:  4.89840E+04 h
Time:  4.87440E+04 h
Time:  4.91040E+04 h
Time:  4.87440E+04 h
Time:  4.88640E+04 h
Time:  4.92240E+04 h
Time:  4.88640E+04 h
Time:  4.93440E+04 h
Time:  4.89840E+04 h
Time:  4.89840E+04 h
Time:  4.91040E+04 h
Time:  4.91040E+04 h
Time:  4.94640E+04 h
Time:  4.92240E+04 h
Time:  4.92240E+04 h
Time:  4.95840E+04 h
Time:  4.93440E+04 h
Time:  4.93440E+04 h
Time:  4.97040E+04 h
Time:  4.94640E+04 h
Time:  4.94640E+04 h
Time:  4.98240E+04 h
Time:  4.95840E+04 h
Time:  4.95840E+04 h
Time:  4.99440E+04 h
Time:  4.97040E+04 h
Time:  4.97040E+04 h
Time:  5.00640E+04 h
Time:  4.98240E+04 h
Time:  4.98240E+04 h
Time:  5.01840E+04 h
Time:  4.99440E+04 h
Time:  4.99440E+04 h
Time:  5.03040E+04 h
Time:  5.00640E+04 h
Time:  5.00640E+04 h
Time:  5.04240E+04 h
Time:  5.01840E+04 h
Time:  5.01840E+04 h
Time:  5.05440E+04 h
Time:  5.03040E+04 h
Time:  5.06640E+04 h
Time:  5.03040E+04 h
Time:  5.04240E+04 h
Time:  5.07840E+04 h
Time:  5.04240E+04 h
Time:  5.05440E+04 h
Time:  5.09040E+04 h
Time:  5.05440E+04 h
Time:  5.06640E+04 h
Time:  5.10240E+04 h
Time:  5.06640E+04 h
Time:  5.07840E+04 h
Time:  5.11440E+04 h
Time:  5.07840E+04 h
Time:  5.09040E+04 h
Time:  5.12640E+04 h
Time:  5.09040E+04 h
Time:  5.10240E+04 h
Time:  5.13840E+04 h
Time:  5.10240E+04 h
Time:  5.11440E+04 h
Time:  5.15040E+04 h
Time:  5.11440E+04 h
Time:  5.12640E+04 h
Time:  5.16240E+04 h
Time:  5.12640E+04 h
Time:  5.13840E+04 h
Time:  5.17440E+04 h
Time:  5.13840E+04 h
Time:  5.15040E+04 h
Time:  5.18640E+04 h
Time:  5.15040E+04 h
Time:  5.16240E+04 h
Time:  5.19840E+04 h
Time:  5.16240E+04 h
Time:  5.17440E+04 h
Time:  5.21040E+04 h
Time:  5.17440E+04 h
Time:  5.18640E+04 h
Time:  5.22240E+04 h
Time:  5.18640E+04 h
Time:  5.19840E+04 h
Time:  5.19840E+04 h
Time:  5.23440E+04 h
Time:  5.21040E+04 h
Time:  5.21040E+04 h
Time:  5.24640E+04 h
Time:  5.22240E+04 h
Time:  5.22240E+04 h
Time:  5.25840E+04 h
Time:  5.23440E+04 h
Time:  5.23440E+04 h
Time:  5.27040E+04 h
Time:  5.24640E+04 h
Time:  5.24640E+04 h
Time:  5.25840E+04 h
Time:  5.28240E+04 h
Time:  5.25840E+04 h
Time:  5.27040E+04 h
Time:  5.29440E+04 h
Time:  5.28240E+04 h
Time:  5.30640E+04 h
Time:  5.27040E+04 h
Time:  5.31840E+04 h
Time:  5.29440E+04 h
Time:  5.28240E+04 h
Time:  5.30640E+04 h
Time:  5.33040E+04 h
Time:  5.29440E+04 h
Time:  5.31840E+04 h
Time:  5.34240E+04 h
Time:  5.30640E+04 h
Time:  5.33040E+04 h
Time:  5.35440E+04 h
Time:  5.31840E+04 h
Time:  5.34240E+04 h
Time:  5.36640E+04 h
Time:  5.33040E+04 h
Time:  5.35440E+04 h
Time:  5.37840E+04 h
Time:  5.34240E+04 h
Time:  5.36640E+04 h
Time:  5.39040E+04 h
Time:  5.35440E+04 h
Time:  5.37840E+04 h
Time:  5.40240E+04 h
Time:  5.36640E+04 h
Time:  5.39040E+04 h
Time:  5.41440E+04 h
Time:  5.37840E+04 h
Time:  5.40240E+04 h
Time:  5.42640E+04 h
Time:  5.39040E+04 h
Time:  5.41440E+04 h
Time:  5.43840E+04 h
Time:  5.42640E+04 h
Time:  5.40240E+04 h
Time:  5.45040E+04 h
Time:  5.43840E+04 h
Time:  5.41440E+04 h
Time:  5.46240E+04 h
Time:  5.45040E+04 h
Time:  5.42640E+04 h
Time:  5.47440E+04 h
Time:  5.46240E+04 h
Time:  5.43840E+04 h
Time:  5.48640E+04 h
Time:  5.47440E+04 h
Time:  5.45040E+04 h
Time:  5.49840E+04 h
Time:  5.46240E+04 h
Time:  5.48640E+04 h
Time:  5.51040E+04 h
Time:  5.49840E+04 h
Time:  5.47440E+04 h
Time:  5.52240E+04 h
Time:  5.51040E+04 h
Time:  5.48640E+04 h
Time:  5.53440E+04 h
Time:  5.52240E+04 h
Time:  5.49840E+04 h
Time:  5.54640E+04 h
Time:  5.53440E+04 h
Time:  5.51040E+04 h
Time:  5.55840E+04 h
Time:  5.54640E+04 h
Time:  5.52240E+04 h
Time:  5.55840E+04 h
Time:  5.57040E+04 h
Time:  5.53440E+04 h
Time:  5.57040E+04 h
Time:  5.58240E+04 h
Time:  5.54640E+04 h
Time:  5.58240E+04 h
Time:  5.59440E+04 h
Time:  5.59440E+04 h
Time:  5.55840E+04 h
Time:  5.60640E+04 h
Time:  5.60640E+04 h
Time:  5.61840E+04 h
Time:  5.57040E+04 h
Time:  5.61840E+04 h
Time:  5.58240E+04 h
Time:  5.63040E+04 h
Time:  5.63040E+04 h
Time:  5.59440E+04 h
Time:  5.64240E+04 h
Time:  5.64240E+04 h
Time:  5.60640E+04 h
Time:  5.65440E+04 h
Time:  5.65440E+04 h
Time:  5.61840E+04 h
Time:  5.66640E+04 h
Time:  5.66640E+04 h
Time:  5.67840E+04 h
Time:  5.63040E+04 h
Time:  5.67840E+04 h
Time:  5.69040E+04 h
Time:  5.64240E+04 h
Time:  5.69040E+04 h
Time:  5.70240E+04 h
Time:  5.70240E+04 h
Time:  5.65440E+04 h
Time:  5.71440E+04 h
Time:  5.71440E+04 h
Time:  5.66640E+04 h
Time:  5.72640E+04 h
Time:  5.72640E+04 h
Time:  5.67840E+04 h
Time:  5.73840E+04 h
Time:  5.73840E+04 h
Time:  5.69040E+04 h
Time:  5.75040E+04 h
Time:  5.75040E+04 h
Time:  5.70240E+04 h
Time:  5.76240E+04 h
Time:  5.71440E+04 h
Time:  5.76240E+04 h
Time:  5.77440E+04 h
Time:  5.72640E+04 h
Time:  5.77440E+04 h
Time:  5.78640E+04 h
Time:  5.73840E+04 h
Time:  5.78640E+04 h
Time:  5.79840E+04 h
Time:  5.79840E+04 h
Time:  5.75040E+04 h
Time:  5.81040E+04 h
Time:  5.76240E+04 h
Time:  5.81040E+04 h
Time:  5.82240E+04 h
Time:  5.77440E+04 h
Time:  5.82240E+04 h
Time:  5.83440E+04 h
Time:  5.78640E+04 h
Time:  5.83440E+04 h
Time:  5.84640E+04 h
Time:  5.84640E+04 h
Time:  5.79840E+04 h
Time:  5.85840E+04 h
Time:  5.85840E+04 h
Time:  5.81040E+04 h
Time:  5.87040E+04 h
Time:  5.87040E+04 h
Time:  5.88240E+04 h
Time:  5.82240E+04 h
Time:  5.88240E+04 h
Time:  5.89440E+04 h
Time:  5.89440E+04 h
Time:  5.83440E+04 h
Time:  5.90640E+04 h
Time:  5.90640E+04 h
Time:  5.84640E+04 h
Time:  5.91840E+04 h
Time:  5.91840E+04 h
Time:  5.85840E+04 h
Time:  5.93040E+04 h
Time:  5.93040E+04 h
Time:  5.87040E+04 h
Time:  5.94240E+04 h
Time:  5.94240E+04 h
Time:  5.88240E+04 h
Time:  5.95440E+04 h
Time:  5.95440E+04 h
Time:  5.89440E+04 h
Time:  5.96640E+04 h
Time:  5.96640E+04 h
Time:  5.90640E+04 h
Time:  5.97840E+04 h
Time:  5.97840E+04 h
Time:  5.91840E+04 h
Time:  5.99040E+04 h
Time:  5.99040E+04 h
Time:  6.00240E+04 h
Time:  5.93040E+04 h
Time:  6.00240E+04 h
Time:  6.01440E+04 h
Time:  5.94240E+04 h
Time:  6.01440E+04 h
Time:  5.95440E+04 h
Time:  6.02640E+04 h
Time:  5.96640E+04 h
Time:  6.03840E+04 h
Time:  6.02640E+04 h
Time:  5.97840E+04 h
Time:  6.05040E+04 h
Time:  6.03840E+04 h
Time:  5.99040E+04 h
Time:  6.06240E+04 h
Time:  6.05040E+04 h
Time:  6.00240E+04 h
Time:  6.06240E+04 h
Time:  6.07440E+04 h
Time:  6.01440E+04 h
Time:  6.08640E+04 h
Time:  6.07440E+04 h
Time:  6.02640E+04 h
Time:  6.09840E+04 h
Time:  6.08640E+04 h
Time:  6.03840E+04 h
Time:  6.11040E+04 h
Time:  6.09840E+04 h
Time:  6.05040E+04 h
Time:  6.12240E+04 h
Time:  6.11040E+04 h
Time:  6.06240E+04 h
Time:  6.13440E+04 h
Time:  6.12240E+04 h
Time:  6.13440E+04 h
Time:  6.14640E+04 h
Time:  6.07440E+04 h
Time:  6.15840E+04 h
Time:  6.14640E+04 h
Time:  6.08640E+04 h
Time:  6.17040E+04 h
Time:  6.15840E+04 h
Time:  6.09840E+04 h
Time:  6.18240E+04 h
Time:  6.17040E+04 h
Time:  6.11040E+04 h
Time:  6.19440E+04 h
Time:  6.18240E+04 h
Time:  6.12240E+04 h
Time:  6.20640E+04 h
Time:  6.19440E+04 h
Time:  6.13440E+04 h
Time:  6.21840E+04 h
Time:  6.20640E+04 h
Time:  6.14640E+04 h
Time:  6.23040E+04 h
Time:  6.21840E+04 h
Time:  6.24240E+04 h
Time:  6.15840E+04 h
Time:  6.23040E+04 h
Time:  6.25440E+04 h
Time:  6.17040E+04 h
Time:  6.24240E+04 h
Time:  6.26640E+04 h
Time:  6.18240E+04 h
Time:  6.25440E+04 h
Time:  6.19440E+04 h
Time:  6.26640E+04 h
Time:  6.27840E+04 h
Time:  6.20640E+04 h
Time:  6.27840E+04 h
Time:  6.21840E+04 h
Time:  6.29040E+04 h
Time:  6.29040E+04 h
Time:  6.23040E+04 h
Time:  6.30240E+04 h
Time:  6.30240E+04 h
Time:  6.24240E+04 h
Time:  6.31440E+04 h
Time:  6.31440E+04 h
Time:  6.25440E+04 h
Time:  6.32640E+04 h
Time:  6.32640E+04 h
Time:  6.26640E+04 h
Time:  6.33840E+04 h
Time:  6.33840E+04 h
Time:  6.27840E+04 h
Time:  6.35040E+04 h
Time:  6.35040E+04 h
Time:  6.29040E+04 h
Time:  6.36240E+04 h
Time:  6.36240E+04 h
Time:  6.30240E+04 h
Time:  6.37440E+04 h
Time:  6.37440E+04 h
Time:  6.38640E+04 h
Time:  6.31440E+04 h
Time:  6.38640E+04 h
Time:  6.39840E+04 h
Time:  6.32640E+04 h
Time:  6.39840E+04 h
Time:  6.41040E+04 h
Time:  6.41040E+04 h
Time:  6.33840E+04 h
Time:  6.42240E+04 h
Time:  6.42240E+04 h
Time:  6.35040E+04 h
Time:  6.43440E+04 h
Time:  6.43440E+04 h
Time:  6.36240E+04 h
Time:  6.44640E+04 h
Time:  6.44640E+04 h
Time:  6.37440E+04 h
Time:  6.45840E+04 h
Time:  6.45840E+04 h
Time:  6.38640E+04 h
Time:  6.47040E+04 h
Time:  6.47040E+04 h
Time:  6.48240E+04 h
Time:  6.39840E+04 h
Time:  6.48240E+04 h
Time:  6.49440E+04 h
Time:  6.41040E+04 h
Time:  6.49440E+04 h
Time:  6.42240E+04 h
Time:  6.50640E+04 h
Time:  6.50640E+04 h
Time:  6.43440E+04 h
Time:  6.51840E+04 h
Time:  6.51840E+04 h
Time:  6.53040E+04 h
Time:  6.44640E+04 h
Time:  6.53040E+04 h
Time:  6.54240E+04 h
Time:  6.45840E+04 h
Time:  6.54240E+04 h
Time:  6.47040E+04 h
Time:  6.55440E+04 h
Time:  6.55440E+04 h
Time:  6.56640E+04 h
Time:  6.48240E+04 h
Time:  6.56640E+04 h
Time:  6.57840E+04 h
Time:  6.49440E+04 h
Time:  6.57840E+04 h
Time:  6.59040E+04 h
Time:  6.50640E+04 h
Time:  6.59040E+04 h
Time:  6.51840E+04 h
Time:  6.60240E+04 h
Time:  6.60240E+04 h
Time:  6.53040E+04 h
Time:  6.61440E+04 h
Time:  6.61440E+04 h
Time:  6.54240E+04 h
Time:  6.62640E+04 h
Time:  6.62640E+04 h
Time:  6.55440E+04 h
Time:  6.63840E+04 h
Time:  6.63840E+04 h
Time:  6.56640E+04 h
Time:  6.65040E+04 h
Time:  6.65040E+04 h
Time:  6.57840E+04 h
Time:  6.66240E+04 h
Time:  6.66240E+04 h
Time:  6.59040E+04 h
Time:  6.67440E+04 h
Time:  6.67440E+04 h
Time:  6.60240E+04 h
Time:  6.68640E+04 h
Time:  6.68640E+04 h
Time:  6.61440E+04 h
Time:  6.69840E+04 h
Time:  6.69840E+04 h
Time:  6.62640E+04 h
Time:  6.71040E+04 h
Time:  6.71040E+04 h
Time:  6.63840E+04 h
Time:  6.72240E+04 h
Time:  6.72240E+04 h
Time:  6.65040E+04 h
Time:  6.73440E+04 h
Time:  6.73440E+04 h
Time:  6.66240E+04 h
Time:  6.74640E+04 h
Time:  6.74640E+04 h
Time:  6.67440E+04 h
Time:  6.75840E+04 h
Time:  6.75840E+04 h
Time:  6.68640E+04 h
Time:  6.77040E+04 h
Time:  6.77040E+04 h
Time:  6.69840E+04 h
Time:  6.78240E+04 h
Time:  6.78240E+04 h
Time:  6.71040E+04 h
Time:  6.79440E+04 h
Time:  6.79440E+04 h
Time:  6.72240E+04 h
Time:  6.73440E+04 h
Time:  6.80640E+04 h
Time:  6.80640E+04 h
Time:  6.74640E+04 h
Time:  6.81840E+04 h
Time:  6.81840E+04 h
Time:  6.75840E+04 h
Time:  6.83040E+04 h
Time:  6.77040E+04 h
Time:  6.83040E+04 h
Time:  6.78240E+04 h
Time:  6.84240E+04 h
Time:  6.84240E+04 h
Time:  6.79440E+04 h
Time:  6.85440E+04 h
Time:  6.85440E+04 h
Time:  6.80640E+04 h
Time:  6.86640E+04 h
Time:  6.81840E+04 h
Time:  6.86640E+04 h
Time:  6.83040E+04 h
Time:  6.87840E+04 h
Time:  6.87840E+04 h
Time:  6.84240E+04 h
Time:  6.89040E+04 h
Time:  6.89040E+04 h
Time:  6.85440E+04 h
Time:  6.90240E+04 h
Time:  6.90240E+04 h
Time:  6.86640E+04 h
Time:  6.91440E+04 h
Time:  6.91440E+04 h
Time:  6.87840E+04 h
Time:  6.92640E+04 h
Time:  6.92640E+04 h
Time:  6.89040E+04 h
Time:  6.93840E+04 h
Time:  6.93840E+04 h
Time:  6.90240E+04 h
Time:  6.95040E+04 h
Time:  6.95040E+04 h
Time:  6.91440E+04 h
Time:  6.96240E+04 h
Time:  6.96240E+04 h
Time:  6.92640E+04 h
Time:  6.97440E+04 h
Time:  6.97440E+04 h
Time:  6.93840E+04 h
Time:  6.98640E+04 h
Time:  6.98640E+04 h
Time:  6.95040E+04 h
Time:  6.99840E+04 h
Time:  6.99840E+04 h
Time:  6.96240E+04 h
Time:  6.97440E+04 h
Time:  6.98640E+04 h
Time:  6.99840E+04 h
Hello World!
Hello World!
Hello World!
2
/global/cscratch1/sd/chenxy/Xuehang/240_1/2/2duniform-000.h5
/global/cscratch1/sd/chenxy/Xuehang/240_1/2/2duniform-001.h5
/global/cscratch1/sd/chenxy/Xuehang/240_1/2/2duniform-002.h5
/global/cscratch1/sd/chenxy/Xuehang/240_1/2/2duniform-003.h5
/global/cscratch1/sd/chenxy/Xuehang/240_1/2/2duniform-004.h5
/global/cscratch1/sd/chenxy/Xuehang/240_1/2/2duniform-005.h5
/global/cscratch1/sd/chenxy/Xuehang/240_1/2/2duniform-006.h5
/global/cscratch1/sd/chenxy/Xuehang/240_1/2/2duniform-007.h5
/global/cscratch1/sd/chenxy/Xuehang/240_1/2/2duniform-008.h5
/global/cscratch1/sd/chenxy/Xuehang/240_1/2/2duniform-009.h5
/global/cscratch1/sd/chenxy/Xuehang/240_1/2/2duniform-010.h5
/global/cscratch1/sd/chenxy/Xuehang/240_1/2/2duniform-011.h5
/global/cscratch1/sd/chenxy/Xuehang/240_1/2/2duniform-012.h5
/global/cscratch1/sd/chenxy/Xuehang/240_1/2/2duniform-013.h5
/global/cscratch1/sd/chenxy/Xuehang/240_1/2/2duniform-014.h5
/global/cscratch1/sd/chenxy/Xuehang/240_1/2/2duniform-015.h5
/global/cscratch1/sd/chenxy/Xuehang/240_1/2/2duniform-016.h5
/global/cscratch1/sd/chenxy/Xuehang/240_1/2/2duniform-017.h5
/global/cscratch1/sd/chenxy/Xuehang/240_1/2/2duniform-018.h5
/global/cscratch1/sd/chenxy/Xuehang/240_1/2/2duniform-019.h5
/global/cscratch1/sd/chenxy/Xuehang/240_1/2/2duniform-020.h5
/global/cscratch1/sd/chenxy/Xuehang/240_1/2/2duniform-021.h5
/global/cscratch1/sd/chenxy/Xuehang/240_1/2/2duniform-022.h5
/global/cscratch1/sd/chenxy/Xuehang/240_1/2/2duniform-023.h5
/global/cscratch1/sd/chenxy/Xuehang/240_1/2/2duniform-024.h5
/global/cscratch1/sd/chenxy/Xuehang/240_1/2/2duniform-025.h5
/global/cscratch1/sd/chenxy/Xuehang/240_1/2/2duniform-026.h5
/global/cscratch1/sd/chenxy/Xuehang/240_1/2/2duniform-027.h5
/global/cscratch1/sd/chenxy/Xuehang/240_1/2/2duniform-028.h5
/global/cscratch1/sd/chenxy/Xuehang/240_1/2/2duniform-029.h5
/global/cscratch1/sd/chenxy/Xuehang/240_1/2/2duniform-030.h5
/global/cscratch1/sd/chenxy/Xuehang/240_1/2/2duniform-031.h5
/global/cscratch1/sd/chenxy/Xuehang/240_1/2/2duniform-032.h5
/global/cscratch1/sd/chenxy/Xuehang/240_1/2/2duniform-033.h5
/global/cscratch1/sd/chenxy/Xuehang/240_1/2/2duniform-034.h5
/global/cscratch1/sd/chenxy/Xuehang/240_1/2/2duniform-035.h5
/global/cscratch1/sd/chenxy/Xuehang/240_1/2/2duniform-036.h5
/global/cscratch1/sd/chenxy/Xuehang/240_1/2/2duniform-037.h5
/global/cscratch1/sd/chenxy/Xuehang/240_1/2/2duniform-038.h5
/global/cscratch1/sd/chenxy/Xuehang/240_1/2/2duniform-039.h5
/global/cscratch1/sd/chenxy/Xuehang/240_1/2/2duniform-040.h5
/global/cscratch1/sd/chenxy/Xuehang/240_1/2/2duniform-041.h5
/global/cscratch1/sd/chenxy/Xuehang/240_1/2/2duniform-042.h5
/global/cscratch1/sd/chenxy/Xuehang/240_1/2/2duniform-043.h5
/global/cscratch1/sd/chenxy/Xuehang/240_1/2/2duniform-044.h5
/global/cscratch1/sd/chenxy/Xuehang/240_1/2/2duniform-045.h5
/global/cscratch1/sd/chenxy/Xuehang/240_1/2/2duniform-046.h5
/global/cscratch1/sd/chenxy/Xuehang/240_1/2/2duniform-047.h5
/global/cscratch1/sd/chenxy/Xuehang/240_1/2/2duniform-048.h5
/global/cscratch1/sd/chenxy/Xuehang/240_1/2/2duniform-049.h5
/global/cscratch1/sd/chenxy/Xuehang/240_1/2/2duniform-050.h5
/global/cscratch1/sd/chenxy/Xuehang/240_1/2/2duniform-051.h5
/global/cscratch1/sd/chenxy/Xuehang/240_1/2/2duniform-052.h5
/global/cscratch1/sd/chenxy/Xuehang/240_1/2/2duniform-053.h5
/global/cscratch1/sd/chenxy/Xuehang/240_1/2/2duniform-054.h5
/global/cscratch1/sd/chenxy/Xuehang/240_1/2/2duniform-055.h5
/global/cscratch1/sd/chenxy/Xuehang/240_1/2/2duniform-056.h5
/global/cscratch1/sd/chenxy/Xuehang/240_1/2/2duniform-057.h5
/global/cscratch1/sd/chenxy/Xuehang/240_1/2/2duniform-058.h5
/global/cscratch1/sd/chenxy/Xuehang/240_1/2/2duniform-059.h5
/global/cscratch1/sd/chenxy/Xuehang/240_1/2/2duniform-060.h5
/global/cscratch1/sd/chenxy/Xuehang/240_1/2/2duniform-061.h5
/global/cscratch1/sd/chenxy/Xuehang/240_1/2/2duniform-062.h5
/global/cscratch1/sd/chenxy/Xuehang/240_1/2/2duniform-063.h5
/global/cscratch1/sd/chenxy/Xuehang/240_1/2/2duniform-064.h5
/global/cscratch1/sd/chenxy/Xuehang/240_1/2/2duniform-065.h5
/global/cscratch1/sd/chenxy/Xuehang/240_1/2/2duniform-066.h5
/global/cscratch1/sd/chenxy/Xuehang/240_1/2/2duniform-067.h5
/global/cscratch1/sd/chenxy/Xuehang/240_1/2/2duniform-068.h5
/global/cscratch1/sd/chenxy/Xuehang/240_1/2/2duniform-069.h5
/global/cscratch1/sd/chenxy/Xuehang/240_1/2/2duniform-070.h5
/global/cscratch1/sd/chenxy/Xuehang/240_1/2/2duniform-071.h5
/global/cscratch1/sd/chenxy/Xuehang/240_1/2/2duniform-072.h5
/global/cscratch1/sd/chenxy/Xuehang/240_1/2/2duniform-073.h5
/global/cscratch1/sd/chenxy/Xuehang/240_1/2/2duniform-074.h5
/global/cscratch1/sd/chenxy/Xuehang/240_1/2/2duniform-075.h5
/global/cscratch1/sd/chenxy/Xuehang/240_1/2/2duniform-076.h5
/global/cscratch1/sd/chenxy/Xuehang/240_1/2/2duniform-077.h5
/global/cscratch1/sd/chenxy/Xuehang/240_1/2/2duniform-078.h5
/global/cscratch1/sd/chenxy/Xuehang/240_1/2/2duniform-079.h5
/global/cscratch1/sd/chenxy/Xuehang/240_1/2/2duniform-080.h5
/global/cscratch1/sd/chenxy/Xuehang/240_1/2/2duniform-081.h5
/global/cscratch1/sd/chenxy/Xuehang/240_1/2/2duniform-082.h5
/global/cscratch1/sd/chenxy/Xuehang/240_1/2/2duniform-083.h5
/global/cscratch1/sd/chenxy/Xuehang/240_1/2/2duniform-084.h5
/global/cscratch1/sd/chenxy/Xuehang/240_1/2/2duniform-085.h5
/global/cscratch1/sd/chenxy/Xuehang/240_1/2/2duniform-086.h5
/global/cscratch1/sd/chenxy/Xuehang/240_1/2/2duniform-087.h5
/global/cscratch1/sd/chenxy/Xuehang/240_1/2/2duniform-088.h5
/global/cscratch1/sd/chenxy/Xuehang/240_1/2/2duniform-089.h5
/global/cscratch1/sd/chenxy/Xuehang/240_1/2/2duniform-090.h5
/global/cscratch1/sd/chenxy/Xuehang/240_1/2/2duniform-091.h5
/global/cscratch1/sd/chenxy/Xuehang/240_1/2/2duniform-092.h5
/global/cscratch1/sd/chenxy/Xuehang/240_1/2/2duniform-093.h5
/global/cscratch1/sd/chenxy/Xuehang/240_1/2/2duniform-094.h5
/global/cscratch1/sd/chenxy/Xuehang/240_1/2/2duniform-095.h5
/global/cscratch1/sd/chenxy/Xuehang/240_1/2/2duniform-096.h5
/global/cscratch1/sd/chenxy/Xuehang/240_1/2/2duniform-097.h5
/global/cscratch1/sd/chenxy/Xuehang/240_1/2/2duniform-098.h5
/global/cscratch1/sd/chenxy/Xuehang/240_1/2/2duniform-099.h5
/global/cscratch1/sd/chenxy/Xuehang/240_1/2/2duniform-100.h5
/global/cscratch1/sd/chenxy/Xuehang/240_1/2/2duniform-101.h5
/global/cscratch1/sd/chenxy/Xuehang/240_1/2/2duniform-102.h5
/global/cscratch1/sd/chenxy/Xuehang/240_1/2/2duniform-103.h5
/global/cscratch1/sd/chenxy/Xuehang/240_1/2/2duniform-104.h5
/global/cscratch1/sd/chenxy/Xuehang/240_1/2/2duniform-105.h5
/global/cscratch1/sd/chenxy/Xuehang/240_1/2/2duniform-106.h5
/global/cscratch1/sd/chenxy/Xuehang/240_1/2/2duniform-107.h5
/global/cscratch1/sd/chenxy/Xuehang/240_1/2/2duniform-108.h5
/global/cscratch1/sd/chenxy/Xuehang/240_1/2/2duniform-109.h5
/global/cscratch1/sd/chenxy/Xuehang/240_1/2/2duniform-110.h5
/global/cscratch1/sd/chenxy/Xuehang/240_1/2/2duniform-111.h5
/global/cscratch1/sd/chenxy/Xuehang/240_1/2/2duniform-112.h5
/global/cscratch1/sd/chenxy/Xuehang/240_1/2/2duniform-113.h5
/global/cscratch1/sd/chenxy/Xuehang/240_1/2/2duniform-114.h5
/global/cscratch1/sd/chenxy/Xuehang/240_1/2/2duniform-115.h5
/global/cscratch1/sd/chenxy/Xuehang/240_1/2/2duniform-116.h5
/global/cscratch1/sd/chenxy/Xuehang/240_1/2/2duniform-117.h5
/global/cscratch1/sd/chenxy/Xuehang/240_1/2/2duniform-118.h5
/global/cscratch1/sd/chenxy/Xuehang/240_1/2/2duniform-119.h5
/global/cscratch1/sd/chenxy/Xuehang/240_1/2/2duniform-120.h5
/global/cscratch1/sd/chenxy/Xuehang/240_1/2/2duniform-121.h5
/global/cscratch1/sd/chenxy/Xuehang/240_1/2/2duniform-122.h5
/global/cscratch1/sd/chenxy/Xuehang/240_1/2/2duniform-123.h5
/global/cscratch1/sd/chenxy/Xuehang/240_1/2/2duniform-124.h5
/global/cscratch1/sd/chenxy/Xuehang/240_1/2/2duniform-125.h5
/global/cscratch1/sd/chenxy/Xuehang/240_1/2/2duniform-126.h5
/global/cscratch1/sd/chenxy/Xuehang/240_1/2/2duniform-127.h5
/global/cscratch1/sd/chenxy/Xuehang/240_1/2/2duniform-128.h5
/global/cscratch1/sd/chenxy/Xuehang/240_1/2/2duniform-129.h5
/global/cscratch1/sd/chenxy/Xuehang/240_1/2/2duniform-130.h5
/global/cscratch1/sd/chenxy/Xuehang/240_1/2/2duniform-131.h5
/global/cscratch1/sd/chenxy/Xuehang/240_1/2/2duniform-132.h5
/global/cscratch1/sd/chenxy/Xuehang/240_1/2/2duniform-133.h5
/global/cscratch1/sd/chenxy/Xuehang/240_1/2/2duniform-134.h5
/global/cscratch1/sd/chenxy/Xuehang/240_1/2/2duniform-135.h5
/global/cscratch1/sd/chenxy/Xuehang/240_1/2/2duniform-136.h5
/global/cscratch1/sd/chenxy/Xuehang/240_1/2/2duniform-137.h5
/global/cscratch1/sd/chenxy/Xuehang/240_1/2/2duniform-138.h5
/global/cscratch1/sd/chenxy/Xuehang/240_1/2/2duniform-139.h5
/global/cscratch1/sd/chenxy/Xuehang/240_1/2/2duniform-140.h5
/global/cscratch1/sd/chenxy/Xuehang/240_1/2/2duniform-141.h5
/global/cscratch1/sd/chenxy/Xuehang/240_1/2/2duniform-142.h5
/global/cscratch1/sd/chenxy/Xuehang/240_1/2/2duniform-143.h5
/global/cscratch1/sd/chenxy/Xuehang/240_1/2/2duniform-144.h5
/global/cscratch1/sd/chenxy/Xuehang/240_1/2/2duniform-145.h5
/global/cscratch1/sd/chenxy/Xuehang/240_1/2/2duniform-146.h5
/global/cscratch1/sd/chenxy/Xuehang/240_1/2/2duniform-147.h5
/global/cscratch1/sd/chenxy/Xuehang/240_1/2/2duniform-148.h5
/global/cscratch1/sd/chenxy/Xuehang/240_1/2/2duniform-149.h5
/global/cscratch1/sd/chenxy/Xuehang/240_1/2/2duniform-150.h5
/global/cscratch1/sd/chenxy/Xuehang/240_1/2/2duniform-151.h5
/global/cscratch1/sd/chenxy/Xuehang/240_1/2/2duniform-152.h5
/global/cscratch1/sd/chenxy/Xuehang/240_1/2/2duniform-153.h5
/global/cscratch1/sd/chenxy/Xuehang/240_1/2/2duniform-154.h5
/global/cscratch1/sd/chenxy/Xuehang/240_1/2/2duniform-155.h5
/global/cscratch1/sd/chenxy/Xuehang/240_1/2/2duniform-156.h5
/global/cscratch1/sd/chenxy/Xuehang/240_1/2/2duniform-157.h5
/global/cscratch1/sd/chenxy/Xuehang/240_1/2/2duniform-158.h5
/global/cscratch1/sd/chenxy/Xuehang/240_1/2/2duniform-159.h5
/global/cscratch1/sd/chenxy/Xuehang/240_1/2/2duniform-160.h5
/global/cscratch1/sd/chenxy/Xuehang/240_1/2/2duniform-161.h5
/global/cscratch1/sd/chenxy/Xuehang/240_1/2/2duniform-162.h5
/global/cscratch1/sd/chenxy/Xuehang/240_1/2/2duniform-163.h5
/global/cscratch1/sd/chenxy/Xuehang/240_1/2/2duniform-164.h5
/global/cscratch1/sd/chenxy/Xuehang/240_1/2/2duniform-165.h5
/global/cscratch1/sd/chenxy/Xuehang/240_1/2/2duniform-166.h5
/global/cscratch1/sd/chenxy/Xuehang/240_1/2/2duniform-167.h5
/global/cscratch1/sd/chenxy/Xuehang/240_1/2/2duniform-168.h5
/global/cscratch1/sd/chenxy/Xuehang/240_1/2/2duniform-169.h5
/global/cscratch1/sd/chenxy/Xuehang/240_1/2/2duniform-170.h5
/global/cscratch1/sd/chenxy/Xuehang/240_1/2/2duniform-171.h5
/global/cscratch1/sd/chenxy/Xuehang/240_1/2/2duniform-172.h5
/global/cscratch1/sd/chenxy/Xuehang/240_1/2/2duniform-173.h5
/global/cscratch1/sd/chenxy/Xuehang/240_1/2/2duniform-174.h5
/global/cscratch1/sd/chenxy/Xuehang/240_1/2/2duniform-175.h5
/global/cscratch1/sd/chenxy/Xuehang/240_1/2/2duniform-176.h5
/global/cscratch1/sd/chenxy/Xuehang/240_1/2/2duniform-177.h5
/global/cscratch1/sd/chenxy/Xuehang/240_1/2/2duniform-178.h5
/global/cscratch1/sd/chenxy/Xuehang/240_1/2/2duniform-179.h5
/global/cscratch1/sd/chenxy/Xuehang/240_1/2/2duniform-180.h5
/global/cscratch1/sd/chenxy/Xuehang/240_1/2/2duniform-181.h5
/global/cscratch1/sd/chenxy/Xuehang/240_1/2/2duniform-182.h5
/global/cscratch1/sd/chenxy/Xuehang/240_1/2/2duniform-183.h5
/global/cscratch1/sd/chenxy/Xuehang/240_1/2/2duniform-184.h5
/global/cscratch1/sd/chenxy/Xuehang/240_1/2/2duniform-185.h5
/global/cscratch1/sd/chenxy/Xuehang/240_1/2/2duniform-186.h5
/global/cscratch1/sd/chenxy/Xuehang/240_1/2/2duniform-187.h5
/global/cscratch1/sd/chenxy/Xuehang/240_1/2/2duniform-188.h5
/global/cscratch1/sd/chenxy/Xuehang/240_1/2/2duniform-189.h5
/global/cscratch1/sd/chenxy/Xuehang/240_1/2/2duniform-190.h5
/global/cscratch1/sd/chenxy/Xuehang/240_1/2/2duniform-191.h5
/global/cscratch1/sd/chenxy/Xuehang/240_1/2/2duniform-192.h5
/global/cscratch1/sd/chenxy/Xuehang/240_1/2/2duniform-193.h5
/global/cscratch1/sd/chenxy/Xuehang/240_1/2/2duniform-194.h5
/global/cscratch1/sd/chenxy/Xuehang/240_1/2/2duniform-195.h5
/global/cscratch1/sd/chenxy/Xuehang/240_1/2/2duniform-196.h5
/global/cscratch1/sd/chenxy/Xuehang/240_1/2/2duniform-197.h5
/global/cscratch1/sd/chenxy/Xuehang/240_1/2/2duniform-198.h5
/global/cscratch1/sd/chenxy/Xuehang/240_1/2/2duniform-199.h5
/global/cscratch1/sd/chenxy/Xuehang/240_1/2/2duniform-200.h5
/global/cscratch1/sd/chenxy/Xuehang/240_1/2/2duniform-201.h5
/global/cscratch1/sd/chenxy/Xuehang/240_1/2/2duniform-202.h5
/global/cscratch1/sd/chenxy/Xuehang/240_1/2/2duniform-203.h5
/global/cscratch1/sd/chenxy/Xuehang/240_1/2/2duniform-204.h5
/global/cscratch1/sd/chenxy/Xuehang/240_1/2/2duniform-205.h5
/global/cscratch1/sd/chenxy/Xuehang/240_1/2/2duniform-206.h5
/global/cscratch1/sd/chenxy/Xuehang/240_1/2/2duniform-207.h5
/global/cscratch1/sd/chenxy/Xuehang/240_1/2/2duniform-208.h5
/global/cscratch1/sd/chenxy/Xuehang/240_1/2/2duniform-209.h5
/global/cscratch1/sd/chenxy/Xuehang/240_1/2/2duniform-210.h5
/global/cscratch1/sd/chenxy/Xuehang/240_1/2/2duniform-211.h5
/global/cscratch1/sd/chenxy/Xuehang/240_1/2/2duniform-212.h5
/global/cscratch1/sd/chenxy/Xuehang/240_1/2/2duniform-213.h5
/global/cscratch1/sd/chenxy/Xuehang/240_1/2/2duniform-214.h5
/global/cscratch1/sd/chenxy/Xuehang/240_1/2/2duniform-215.h5
/global/cscratch1/sd/chenxy/Xuehang/240_1/2/2duniform-216.h5
/global/cscratch1/sd/chenxy/Xuehang/240_1/2/2duniform-217.h5
/global/cscratch1/sd/chenxy/Xuehang/240_1/2/2duniform-218.h5
/global/cscratch1/sd/chenxy/Xuehang/240_1/2/2duniform-219.h5
/global/cscratch1/sd/chenxy/Xuehang/240_1/2/2duniform-220.h5
/global/cscratch1/sd/chenxy/Xuehang/240_1/2/2duniform-221.h5
/global/cscratch1/sd/chenxy/Xuehang/240_1/2/2duniform-222.h5
/global/cscratch1/sd/chenxy/Xuehang/240_1/2/2duniform-223.h5
/global/cscratch1/sd/chenxy/Xuehang/240_1/2/2duniform-224.h5
/global/cscratch1/sd/chenxy/Xuehang/240_1/2/2duniform-225.h5
/global/cscratch1/sd/chenxy/Xuehang/240_1/2/2duniform-226.h5
/global/cscratch1/sd/chenxy/Xuehang/240_1/2/2duniform-227.h5
/global/cscratch1/sd/chenxy/Xuehang/240_1/2/2duniform-228.h5
/global/cscratch1/sd/chenxy/Xuehang/240_1/2/2duniform-229.h5
/global/cscratch1/sd/chenxy/Xuehang/240_1/2/2duniform-230.h5
/global/cscratch1/sd/chenxy/Xuehang/240_1/2/2duniform-231.h5
/global/cscratch1/sd/chenxy/Xuehang/240_1/2/2duniform-232.h5
/global/cscratch1/sd/chenxy/Xuehang/240_1/2/2duniform-233.h5
/global/cscratch1/sd/chenxy/Xuehang/240_1/2/2duniform-234.h5
/global/cscratch1/sd/chenxy/Xuehang/240_1/2/2duniform-235.h5
/global/cscratch1/sd/chenxy/Xuehang/240_1/2/2duniform-236.h5
/global/cscratch1/sd/chenxy/Xuehang/240_1/2/2duniform-237.h5
/global/cscratch1/sd/chenxy/Xuehang/240_1/2/2duniform-238.h5
/global/cscratch1/sd/chenxy/Xuehang/240_1/2/2duniform-239.h5
/global/cscratch1/sd/chenxy/Xuehang/240_1/2/2duniform-240.h5
/global/cscratch1/sd/chenxy/Xuehang/240_1/2/2duniform-241.h5
/global/cscratch1/sd/chenxy/Xuehang/240_1/2/2duniform-242.h5
/global/cscratch1/sd/chenxy/Xuehang/240_1/2/2duniform-243.h5
/global/cscratch1/sd/chenxy/Xuehang/240_1/2/2duniform-244.h5
/global/cscratch1/sd/chenxy/Xuehang/240_1/2/2duniform-245.h5
/global/cscratch1/sd/chenxy/Xuehang/240_1/2/2duniform-246.h5
/global/cscratch1/sd/chenxy/Xuehang/240_1/2/2duniform-247.h5
/global/cscratch1/sd/chenxy/Xuehang/240_1/2/2duniform-248.h5
/global/cscratch1/sd/chenxy/Xuehang/240_1/2/2duniform-249.h5
/global/cscratch1/sd/chenxy/Xuehang/240_1/2/2duniform-250.h5
/global/cscratch1/sd/chenxy/Xuehang/240_1/2/2duniform-251.h5
/global/cscratch1/sd/chenxy/Xuehang/240_1/2/2duniform-252.h5
/global/cscratch1/sd/chenxy/Xuehang/240_1/2/2duniform-253.h5
/global/cscratch1/sd/chenxy/Xuehang/240_1/2/2duniform-254.h5
/global/cscratch1/sd/chenxy/Xuehang/240_1/2/2duniform-255.h5
/global/cscratch1/sd/chenxy/Xuehang/240_1/2/2duniform-256.h5
/global/cscratch1/sd/chenxy/Xuehang/240_1/2/2duniform-257.h5
/global/cscratch1/sd/chenxy/Xuehang/240_1/2/2duniform-258.h5
/global/cscratch1/sd/chenxy/Xuehang/240_1/2/2duniform-259.h5
/global/cscratch1/sd/chenxy/Xuehang/240_1/2/2duniform-260.h5
/global/cscratch1/sd/chenxy/Xuehang/240_1/2/2duniform-261.h5
/global/cscratch1/sd/chenxy/Xuehang/240_1/2/2duniform-262.h5
/global/cscratch1/sd/chenxy/Xuehang/240_1/2/2duniform-263.h5
/global/cscratch1/sd/chenxy/Xuehang/240_1/2/2duniform-264.h5
/global/cscratch1/sd/chenxy/Xuehang/240_1/2/2duniform-265.h5
/global/cscratch1/sd/chenxy/Xuehang/240_1/2/2duniform-266.h5
/global/cscratch1/sd/chenxy/Xuehang/240_1/2/2duniform-267.h5
/global/cscratch1/sd/chenxy/Xuehang/240_1/2/2duniform-268.h5
/global/cscratch1/sd/chenxy/Xuehang/240_1/2/2duniform-269.h5
/global/cscratch1/sd/chenxy/Xuehang/240_1/2/2duniform-270.h5
/global/cscratch1/sd/chenxy/Xuehang/240_1/2/2duniform-271.h5
/global/cscratch1/sd/chenxy/Xuehang/240_1/2/2duniform-272.h5
/global/cscratch1/sd/chenxy/Xuehang/240_1/2/2duniform-273.h5
/global/cscratch1/sd/chenxy/Xuehang/240_1/2/2duniform-274.h5
/global/cscratch1/sd/chenxy/Xuehang/240_1/2/2duniform-275.h5
/global/cscratch1/sd/chenxy/Xuehang/240_1/2/2duniform-276.h5
/global/cscratch1/sd/chenxy/Xuehang/240_1/2/2duniform-277.h5
/global/cscratch1/sd/chenxy/Xuehang/240_1/2/2duniform-278.h5
/global/cscratch1/sd/chenxy/Xuehang/240_1/2/2duniform-279.h5
/global/cscratch1/sd/chenxy/Xuehang/240_1/2/2duniform-280.h5
/global/cscratch1/sd/chenxy/Xuehang/240_1/2/2duniform-281.h5
/global/cscratch1/sd/chenxy/Xuehang/240_1/2/2duniform-282.h5
/global/cscratch1/sd/chenxy/Xuehang/240_1/2/2duniform-283.h5
/global/cscratch1/sd/chenxy/Xuehang/240_1/2/2duniform-284.h5
/global/cscratch1/sd/chenxy/Xuehang/240_1/2/2duniform-285.h5
/global/cscratch1/sd/chenxy/Xuehang/240_1/2/2duniform-286.h5
/global/cscratch1/sd/chenxy/Xuehang/240_1/2/2duniform-287.h5
/global/cscratch1/sd/chenxy/Xuehang/240_1/2/2duniform-288.h5
/global/cscratch1/sd/chenxy/Xuehang/240_1/2/2duniform-289.h5
/global/cscratch1/sd/chenxy/Xuehang/240_1/2/2duniform-290.h5
/global/cscratch1/sd/chenxy/Xuehang/240_1/2/2duniform-291.h5
/global/cscratch1/sd/chenxy/Xuehang/240_1/2/2duniform-292.h5
/global/cscratch1/sd/chenxy/Xuehang/240_1/2/2duniform-293.h5
/global/cscratch1/sd/chenxy/Xuehang/240_1/2/2duniform-294.h5
/global/cscratch1/sd/chenxy/Xuehang/240_1/2/2duniform-295.h5
/global/cscratch1/sd/chenxy/Xuehang/240_1/2/2duniform-296.h5
/global/cscratch1/sd/chenxy/Xuehang/240_1/2/2duniform-297.h5
/global/cscratch1/sd/chenxy/Xuehang/240_1/2/2duniform-298.h5
/global/cscratch1/sd/chenxy/Xuehang/240_1/2/2duniform-299.h5
/global/cscratch1/sd/chenxy/Xuehang/240_1/2/2duniform-300.h5
/global/cscratch1/sd/chenxy/Xuehang/240_1/2/2duniform-301.h5
/global/cscratch1/sd/chenxy/Xuehang/240_1/2/2duniform-302.h5
/global/cscratch1/sd/chenxy/Xuehang/240_1/2/2duniform-303.h5
/global/cscratch1/sd/chenxy/Xuehang/240_1/2/2duniform-304.h5
/global/cscratch1/sd/chenxy/Xuehang/240_1/2/2duniform-305.h5
/global/cscratch1/sd/chenxy/Xuehang/240_1/2/2duniform-306.h5
/global/cscratch1/sd/chenxy/Xuehang/240_1/2/2duniform-307.h5
/global/cscratch1/sd/chenxy/Xuehang/240_1/2/2duniform-308.h5
/global/cscratch1/sd/chenxy/Xuehang/240_1/2/2duniform-309.h5
/global/cscratch1/sd/chenxy/Xuehang/240_1/2/2duniform-310.h5
/global/cscratch1/sd/chenxy/Xuehang/240_1/2/2duniform-311.h5
/global/cscratch1/sd/chenxy/Xuehang/240_1/2/2duniform-312.h5
/global/cscratch1/sd/chenxy/Xuehang/240_1/2/2duniform-313.h5
/global/cscratch1/sd/chenxy/Xuehang/240_1/2/2duniform-314.h5
/global/cscratch1/sd/chenxy/Xuehang/240_1/2/2duniform-315.h5
/global/cscratch1/sd/chenxy/Xuehang/240_1/2/2duniform-316.h5
/global/cscratch1/sd/chenxy/Xuehang/240_1/2/2duniform-317.h5
/global/cscratch1/sd/chenxy/Xuehang/240_1/2/2duniform-318.h5
/global/cscratch1/sd/chenxy/Xuehang/240_1/2/2duniform-319.h5
/global/cscratch1/sd/chenxy/Xuehang/240_1/2/2duniform-320.h5
/global/cscratch1/sd/chenxy/Xuehang/240_1/2/2duniform-321.h5
/global/cscratch1/sd/chenxy/Xuehang/240_1/2/2duniform-322.h5
/global/cscratch1/sd/chenxy/Xuehang/240_1/2/2duniform-323.h5
/global/cscratch1/sd/chenxy/Xuehang/240_1/2/2duniform-324.h5
/global/cscratch1/sd/chenxy/Xuehang/240_1/2/2duniform-325.h5
/global/cscratch1/sd/chenxy/Xuehang/240_1/2/2duniform-326.h5
/global/cscratch1/sd/chenxy/Xuehang/240_1/2/2duniform-327.h5
/global/cscratch1/sd/chenxy/Xuehang/240_1/2/2duniform-328.h5
/global/cscratch1/sd/chenxy/Xuehang/240_1/2/2duniform-329.h5
/global/cscratch1/sd/chenxy/Xuehang/240_1/2/2duniform-330.h5
/global/cscratch1/sd/chenxy/Xuehang/240_1/2/2duniform-331.h5
/global/cscratch1/sd/chenxy/Xuehang/240_1/2/2duniform-332.h5
/global/cscratch1/sd/chenxy/Xuehang/240_1/2/2duniform-333.h5
/global/cscratch1/sd/chenxy/Xuehang/240_1/2/2duniform-334.h5
/global/cscratch1/sd/chenxy/Xuehang/240_1/2/2duniform-335.h5
/global/cscratch1/sd/chenxy/Xuehang/240_1/2/2duniform-336.h5
/global/cscratch1/sd/chenxy/Xuehang/240_1/2/2duniform-337.h5
/global/cscratch1/sd/chenxy/Xuehang/240_1/2/2duniform-338.h5
/global/cscratch1/sd/chenxy/Xuehang/240_1/2/2duniform-339.h5
/global/cscratch1/sd/chenxy/Xuehang/240_1/2/2duniform-340.h5
/global/cscratch1/sd/chenxy/Xuehang/240_1/2/2duniform-341.h5
/global/cscratch1/sd/chenxy/Xuehang/240_1/2/2duniform-342.h5
/global/cscratch1/sd/chenxy/Xuehang/240_1/2/2duniform-343.h5
/global/cscratch1/sd/chenxy/Xuehang/240_1/2/2duniform-344.h5
/global/cscratch1/sd/chenxy/Xuehang/240_1/2/2duniform-345.h5
/global/cscratch1/sd/chenxy/Xuehang/240_1/2/2duniform-346.h5
/global/cscratch1/sd/chenxy/Xuehang/240_1/2/2duniform-347.h5
/global/cscratch1/sd/chenxy/Xuehang/240_1/2/2duniform-348.h5
/global/cscratch1/sd/chenxy/Xuehang/240_1/2/2duniform-349.h5
/global/cscratch1/sd/chenxy/Xuehang/240_1/2/2duniform-350.h5
/global/cscratch1/sd/chenxy/Xuehang/240_1/2/2duniform-351.h5
/global/cscratch1/sd/chenxy/Xuehang/240_1/2/2duniform-352.h5
/global/cscratch1/sd/chenxy/Xuehang/240_1/2/2duniform-353.h5
/global/cscratch1/sd/chenxy/Xuehang/240_1/2/2duniform-354.h5
/global/cscratch1/sd/chenxy/Xuehang/240_1/2/2duniform-355.h5
/global/cscratch1/sd/chenxy/Xuehang/240_1/2/2duniform-356.h5
/global/cscratch1/sd/chenxy/Xuehang/240_1/2/2duniform-357.h5
/global/cscratch1/sd/chenxy/Xuehang/240_1/2/2duniform-358.h5
/global/cscratch1/sd/chenxy/Xuehang/240_1/2/2duniform-359.h5
/global/cscratch1/sd/chenxy/Xuehang/240_1/2/2duniform-360.h5
/global/cscratch1/sd/chenxy/Xuehang/240_1/2/2duniform-361.h5
/global/cscratch1/sd/chenxy/Xuehang/240_1/2/2duniform-362.h5
/global/cscratch1/sd/chenxy/Xuehang/240_1/2/2duniform-363.h5
/global/cscratch1/sd/chenxy/Xuehang/240_1/2/2duniform-364.h5
/global/cscratch1/sd/chenxy/Xuehang/240_1/2/2duniform-365.h5
/global/cscratch1/sd/chenxy/Xuehang/240_1/2/2duniform-366.h5
/global/cscratch1/sd/chenxy/Xuehang/240_1/2/2duniform-367.h5
/global/cscratch1/sd/chenxy/Xuehang/240_1/2/2duniform-368.h5
/global/cscratch1/sd/chenxy/Xuehang/240_1/2/2duniform-369.h5
/global/cscratch1/sd/chenxy/Xuehang/240_1/2/2duniform-370.h5
/global/cscratch1/sd/chenxy/Xuehang/240_1/2/2duniform-371.h5
/global/cscratch1/sd/chenxy/Xuehang/240_1/2/2duniform-372.h5
/global/cscratch1/sd/chenxy/Xuehang/240_1/2/2duniform-373.h5
/global/cscratch1/sd/chenxy/Xuehang/240_1/2/2duniform-374.h5
/global/cscratch1/sd/chenxy/Xuehang/240_1/2/2duniform-375.h5
/global/cscratch1/sd/chenxy/Xuehang/240_1/2/2duniform-376.h5
/global/cscratch1/sd/chenxy/Xuehang/240_1/2/2duniform-377.h5
/global/cscratch1/sd/chenxy/Xuehang/240_1/2/2duniform-378.h5
/global/cscratch1/sd/chenxy/Xuehang/240_1/2/2duniform-379.h5
/global/cscratch1/sd/chenxy/Xuehang/240_1/2/2duniform-380.h5
/global/cscratch1/sd/chenxy/Xuehang/240_1/2/2duniform-381.h5
/global/cscratch1/sd/chenxy/Xuehang/240_1/2/2duniform-382.h5
/global/cscratch1/sd/chenxy/Xuehang/240_1/2/2duniform-383.h5
/global/cscratch1/sd/chenxy/Xuehang/240_1/2/2duniform-384.h5
/global/cscratch1/sd/chenxy/Xuehang/240_1/2/2duniform-385.h5
/global/cscratch1/sd/chenxy/Xuehang/240_1/2/2duniform-386.h5
/global/cscratch1/sd/chenxy/Xuehang/240_1/2/2duniform-387.h5
/global/cscratch1/sd/chenxy/Xuehang/240_1/2/2duniform-388.h5
/global/cscratch1/sd/chenxy/Xuehang/240_1/2/2duniform-389.h5
/global/cscratch1/sd/chenxy/Xuehang/240_1/2/2duniform-390.h5
/global/cscratch1/sd/chenxy/Xuehang/240_1/2/2duniform-391.h5
/global/cscratch1/sd/chenxy/Xuehang/240_1/2/2duniform-392.h5
/global/cscratch1/sd/chenxy/Xuehang/240_1/2/2duniform-393.h5
/global/cscratch1/sd/chenxy/Xuehang/240_1/2/2duniform-394.h5
/global/cscratch1/sd/chenxy/Xuehang/240_1/2/2duniform-395.h5
/global/cscratch1/sd/chenxy/Xuehang/240_1/2/2duniform-396.h5
/global/cscratch1/sd/chenxy/Xuehang/240_1/2/2duniform-397.h5
/global/cscratch1/sd/chenxy/Xuehang/240_1/2/2duniform-398.h5
/global/cscratch1/sd/chenxy/Xuehang/240_1/2/2duniform-399.h5
/global/cscratch1/sd/chenxy/Xuehang/240_1/2/2duniform-400.h5
/global/cscratch1/sd/chenxy/Xuehang/240_1/2/2duniform-401.h5
/global/cscratch1/sd/chenxy/Xuehang/240_1/2/2duniform-402.h5
/global/cscratch1/sd/chenxy/Xuehang/240_1/2/2duniform-403.h5
/global/cscratch1/sd/chenxy/Xuehang/240_1/2/2duniform-404.h5
/global/cscratch1/sd/chenxy/Xuehang/240_1/2/2duniform-405.h5
/global/cscratch1/sd/chenxy/Xuehang/240_1/2/2duniform-406.h5
/global/cscratch1/sd/chenxy/Xuehang/240_1/2/2duniform-407.h5
/global/cscratch1/sd/chenxy/Xuehang/240_1/2/2duniform-408.h5
/global/cscratch1/sd/chenxy/Xuehang/240_1/2/2duniform-409.h5
/global/cscratch1/sd/chenxy/Xuehang/240_1/2/2duniform-410.h5
/global/cscratch1/sd/chenxy/Xuehang/240_1/2/2duniform-411.h5
/global/cscratch1/sd/chenxy/Xuehang/240_1/2/2duniform-412.h5
/global/cscratch1/sd/chenxy/Xuehang/240_1/2/2duniform-413.h5
/global/cscratch1/sd/chenxy/Xuehang/240_1/2/2duniform-414.h5
/global/cscratch1/sd/chenxy/Xuehang/240_1/2/2duniform-415.h5
/global/cscratch1/sd/chenxy/Xuehang/240_1/2/2duniform-416.h5
/global/cscratch1/sd/chenxy/Xuehang/240_1/2/2duniform-417.h5
/global/cscratch1/sd/chenxy/Xuehang/240_1/2/2duniform-418.h5
/global/cscratch1/sd/chenxy/Xuehang/240_1/2/2duniform-419.h5
/global/cscratch1/sd/chenxy/Xuehang/240_1/2/2duniform-420.h5
/global/cscratch1/sd/chenxy/Xuehang/240_1/2/2duniform-421.h5
/global/cscratch1/sd/chenxy/Xuehang/240_1/2/2duniform-422.h5
/global/cscratch1/sd/chenxy/Xuehang/240_1/2/2duniform-423.h5
/global/cscratch1/sd/chenxy/Xuehang/240_1/2/2duniform-424.h5
/global/cscratch1/sd/chenxy/Xuehang/240_1/2/2duniform-425.h5
/global/cscratch1/sd/chenxy/Xuehang/240_1/2/2duniform-426.h5
/global/cscratch1/sd/chenxy/Xuehang/240_1/2/2duniform-427.h5
/global/cscratch1/sd/chenxy/Xuehang/240_1/2/2duniform-428.h5
/global/cscratch1/sd/chenxy/Xuehang/240_1/2/2duniform-429.h5
/global/cscratch1/sd/chenxy/Xuehang/240_1/2/2duniform-430.h5
/global/cscratch1/sd/chenxy/Xuehang/240_1/2/2duniform-431.h5
/global/cscratch1/sd/chenxy/Xuehang/240_1/2/2duniform-432.h5
/global/cscratch1/sd/chenxy/Xuehang/240_1/2/2duniform-433.h5
/global/cscratch1/sd/chenxy/Xuehang/240_1/2/2duniform-434.h5
/global/cscratch1/sd/chenxy/Xuehang/240_1/2/2duniform-435.h5
/global/cscratch1/sd/chenxy/Xuehang/240_1/2/2duniform-436.h5
/global/cscratch1/sd/chenxy/Xuehang/240_1/2/2duniform-437.h5
/global/cscratch1/sd/chenxy/Xuehang/240_1/2/2duniform-438.h5
/global/cscratch1/sd/chenxy/Xuehang/240_1/2/2duniform-439.h5
/global/cscratch1/sd/chenxy/Xuehang/240_1/2/2duniform-440.h5
/global/cscratch1/sd/chenxy/Xuehang/240_1/2/2duniform-441.h5
/global/cscratch1/sd/chenxy/Xuehang/240_1/2/2duniform-442.h5
/global/cscratch1/sd/chenxy/Xuehang/240_1/2/2duniform-443.h5
/global/cscratch1/sd/chenxy/Xuehang/240_1/2/2duniform-444.h5
/global/cscratch1/sd/chenxy/Xuehang/240_1/2/2duniform-445.h5
/global/cscratch1/sd/chenxy/Xuehang/240_1/2/2duniform-446.h5
/global/cscratch1/sd/chenxy/Xuehang/240_1/2/2duniform-447.h5
/global/cscratch1/sd/chenxy/Xuehang/240_1/2/2duniform-448.h5
/global/cscratch1/sd/chenxy/Xuehang/240_1/2/2duniform-449.h5
/global/cscratch1/sd/chenxy/Xuehang/240_1/2/2duniform-450.h5
/global/cscratch1/sd/chenxy/Xuehang/240_1/2/2duniform-451.h5
/global/cscratch1/sd/chenxy/Xuehang/240_1/2/2duniform-452.h5
/global/cscratch1/sd/chenxy/Xuehang/240_1/2/2duniform-453.h5
/global/cscratch1/sd/chenxy/Xuehang/240_1/2/2duniform-454.h5
/global/cscratch1/sd/chenxy/Xuehang/240_1/2/2duniform-455.h5
/global/cscratch1/sd/chenxy/Xuehang/240_1/2/2duniform-456.h5
/global/cscratch1/sd/chenxy/Xuehang/240_1/2/2duniform-457.h5
/global/cscratch1/sd/chenxy/Xuehang/240_1/2/2duniform-458.h5
/global/cscratch1/sd/chenxy/Xuehang/240_1/2/2duniform-459.h5
/global/cscratch1/sd/chenxy/Xuehang/240_1/2/2duniform-460.h5
/global/cscratch1/sd/chenxy/Xuehang/240_1/2/2duniform-461.h5
/global/cscratch1/sd/chenxy/Xuehang/240_1/2/2duniform-462.h5
/global/cscratch1/sd/chenxy/Xuehang/240_1/2/2duniform-463.h5
/global/cscratch1/sd/chenxy/Xuehang/240_1/2/2duniform-464.h5
/global/cscratch1/sd/chenxy/Xuehang/240_1/2/2duniform-465.h5
/global/cscratch1/sd/chenxy/Xuehang/240_1/2/2duniform-466.h5
/global/cscratch1/sd/chenxy/Xuehang/240_1/2/2duniform-467.h5
/global/cscratch1/sd/chenxy/Xuehang/240_1/2/2duniform-468.h5
/global/cscratch1/sd/chenxy/Xuehang/240_1/2/2duniform-469.h5
/global/cscratch1/sd/chenxy/Xuehang/240_1/2/2duniform-470.h5
/global/cscratch1/sd/chenxy/Xuehang/240_1/2/2duniform-471.h5
/global/cscratch1/sd/chenxy/Xuehang/240_1/2/2duniform-472.h5
/global/cscratch1/sd/chenxy/Xuehang/240_1/2/2duniform-473.h5
/global/cscratch1/sd/chenxy/Xuehang/240_1/2/2duniform-474.h5
/global/cscratch1/sd/chenxy/Xuehang/240_1/2/2duniform-475.h5
/global/cscratch1/sd/chenxy/Xuehang/240_1/2/2duniform-476.h5
/global/cscratch1/sd/chenxy/Xuehang/240_1/2/2duniform-477.h5
/global/cscratch1/sd/chenxy/Xuehang/240_1/2/2duniform-478.h5
/global/cscratch1/sd/chenxy/Xuehang/240_1/2/2duniform-479.h5
/global/cscratch1/sd/chenxy/Xuehang/240_1/2/2duniform-480.h5
/global/cscratch1/sd/chenxy/Xuehang/240_1/2/2duniform-481.h5
/global/cscratch1/sd/chenxy/Xuehang/240_1/2/2duniform-482.h5
/global/cscratch1/sd/chenxy/Xuehang/240_1/2/2duniform-483.h5
/global/cscratch1/sd/chenxy/Xuehang/240_1/2/2duniform-484.h5
/global/cscratch1/sd/chenxy/Xuehang/240_1/2/2duniform-485.h5
/global/cscratch1/sd/chenxy/Xuehang/240_1/2/2duniform-486.h5
/global/cscratch1/sd/chenxy/Xuehang/240_1/2/2duniform-487.h5
/global/cscratch1/sd/chenxy/Xuehang/240_1/2/2duniform-488.h5
/global/cscratch1/sd/chenxy/Xuehang/240_1/2/2duniform-489.h5
/global/cscratch1/sd/chenxy/Xuehang/240_1/2/2duniform-490.h5
/global/cscratch1/sd/chenxy/Xuehang/240_1/2/2duniform-491.h5
/global/cscratch1/sd/chenxy/Xuehang/240_1/2/2duniform-492.h5
/global/cscratch1/sd/chenxy/Xuehang/240_1/2/2duniform-493.h5
/global/cscratch1/sd/chenxy/Xuehang/240_1/2/2duniform-494.h5
/global/cscratch1/sd/chenxy/Xuehang/240_1/2/2duniform-495.h5
/global/cscratch1/sd/chenxy/Xuehang/240_1/2/2duniform-496.h5
/global/cscratch1/sd/chenxy/Xuehang/240_1/2/2duniform-497.h5
/global/cscratch1/sd/chenxy/Xuehang/240_1/2/2duniform-498.h5
/global/cscratch1/sd/chenxy/Xuehang/240_1/2/2duniform-499.h5
/global/cscratch1/sd/chenxy/Xuehang/240_1/2/2duniform-500.h5
/global/cscratch1/sd/chenxy/Xuehang/240_1/2/2duniform-501.h5
/global/cscratch1/sd/chenxy/Xuehang/240_1/2/2duniform-502.h5
/global/cscratch1/sd/chenxy/Xuehang/240_1/2/2duniform-503.h5
/global/cscratch1/sd/chenxy/Xuehang/240_1/2/2duniform-504.h5
/global/cscratch1/sd/chenxy/Xuehang/240_1/2/2duniform-505.h5
/global/cscratch1/sd/chenxy/Xuehang/240_1/2/2duniform-506.h5
/global/cscratch1/sd/chenxy/Xuehang/240_1/2/2duniform-507.h5
/global/cscratch1/sd/chenxy/Xuehang/240_1/2/2duniform-508.h5
/global/cscratch1/sd/chenxy/Xuehang/240_1/2/2duniform-509.h5
/global/cscratch1/sd/chenxy/Xuehang/240_1/2/2duniform-510.h5
/global/cscratch1/sd/chenxy/Xuehang/240_1/2/2duniform-511.h5
/global/cscratch1/sd/chenxy/Xuehang/240_1/2/2duniform-512.h5
/global/cscratch1/sd/chenxy/Xuehang/240_1/2/2duniform-513.h5
/global/cscratch1/sd/chenxy/Xuehang/240_1/2/2duniform-514.h5
/global/cscratch1/sd/chenxy/Xuehang/240_1/2/2duniform-515.h5
/global/cscratch1/sd/chenxy/Xuehang/240_1/2/2duniform-516.h5
/global/cscratch1/sd/chenxy/Xuehang/240_1/2/2duniform-517.h5
/global/cscratch1/sd/chenxy/Xuehang/240_1/2/2duniform-518.h5
/global/cscratch1/sd/chenxy/Xuehang/240_1/2/2duniform-519.h5
/global/cscratch1/sd/chenxy/Xuehang/240_1/2/2duniform-520.h5
/global/cscratch1/sd/chenxy/Xuehang/240_1/2/2duniform-521.h5
/global/cscratch1/sd/chenxy/Xuehang/240_1/2/2duniform-522.h5
/global/cscratch1/sd/chenxy/Xuehang/240_1/2/2duniform-523.h5
/global/cscratch1/sd/chenxy/Xuehang/240_1/2/2duniform-524.h5
/global/cscratch1/sd/chenxy/Xuehang/240_1/2/2duniform-525.h5
/global/cscratch1/sd/chenxy/Xuehang/240_1/2/2duniform-526.h5
/global/cscratch1/sd/chenxy/Xuehang/240_1/2/2duniform-527.h5
/global/cscratch1/sd/chenxy/Xuehang/240_1/2/2duniform-528.h5
/global/cscratch1/sd/chenxy/Xuehang/240_1/2/2duniform-529.h5
/global/cscratch1/sd/chenxy/Xuehang/240_1/2/2duniform-530.h5
/global/cscratch1/sd/chenxy/Xuehang/240_1/2/2duniform-531.h5
/global/cscratch1/sd/chenxy/Xuehang/240_1/2/2duniform-532.h5
/global/cscratch1/sd/chenxy/Xuehang/240_1/2/2duniform-533.h5
/global/cscratch1/sd/chenxy/Xuehang/240_1/2/2duniform-534.h5
/global/cscratch1/sd/chenxy/Xuehang/240_1/2/2duniform-535.h5
/global/cscratch1/sd/chenxy/Xuehang/240_1/2/2duniform-536.h5
/global/cscratch1/sd/chenxy/Xuehang/240_1/2/2duniform-537.h5
/global/cscratch1/sd/chenxy/Xuehang/240_1/2/2duniform-538.h5
/global/cscratch1/sd/chenxy/Xuehang/240_1/2/2duniform-539.h5
/global/cscratch1/sd/chenxy/Xuehang/240_1/2/2duniform-540.h5
/global/cscratch1/sd/chenxy/Xuehang/240_1/2/2duniform-541.h5
/global/cscratch1/sd/chenxy/Xuehang/240_1/2/2duniform-542.h5
/global/cscratch1/sd/chenxy/Xuehang/240_1/2/2duniform-543.h5
/global/cscratch1/sd/chenxy/Xuehang/240_1/2/2duniform-544.h5
/global/cscratch1/sd/chenxy/Xuehang/240_1/2/2duniform-545.h5
/global/cscratch1/sd/chenxy/Xuehang/240_1/2/2duniform-546.h5
/global/cscratch1/sd/chenxy/Xuehang/240_1/2/2duniform-547.h5
/global/cscratch1/sd/chenxy/Xuehang/240_1/2/2duniform-548.h5
/global/cscratch1/sd/chenxy/Xuehang/240_1/2/2duniform-549.h5
/global/cscratch1/sd/chenxy/Xuehang/240_1/2/2duniform-550.h5
/global/cscratch1/sd/chenxy/Xuehang/240_1/2/2duniform-551.h5
/global/cscratch1/sd/chenxy/Xuehang/240_1/2/2duniform-552.h5
/global/cscratch1/sd/chenxy/Xuehang/240_1/2/2duniform-553.h5
/global/cscratch1/sd/chenxy/Xuehang/240_1/2/2duniform-554.h5
/global/cscratch1/sd/chenxy/Xuehang/240_1/2/2duniform-555.h5
/global/cscratch1/sd/chenxy/Xuehang/240_1/2/2duniform-556.h5
/global/cscratch1/sd/chenxy/Xuehang/240_1/2/2duniform-557.h5
/global/cscratch1/sd/chenxy/Xuehang/240_1/2/2duniform-558.h5
/global/cscratch1/sd/chenxy/Xuehang/240_1/2/2duniform-559.h5
/global/cscratch1/sd/chenxy/Xuehang/240_1/2/2duniform-560.h5
/global/cscratch1/sd/chenxy/Xuehang/240_1/2/2duniform-561.h5
/global/cscratch1/sd/chenxy/Xuehang/240_1/2/2duniform-562.h5
/global/cscratch1/sd/chenxy/Xuehang/240_1/2/2duniform-563.h5
/global/cscratch1/sd/chenxy/Xuehang/240_1/2/2duniform-564.h5
/global/cscratch1/sd/chenxy/Xuehang/240_1/2/2duniform-565.h5
/global/cscratch1/sd/chenxy/Xuehang/240_1/2/2duniform-566.h5
/global/cscratch1/sd/chenxy/Xuehang/240_1/2/2duniform-567.h5
/global/cscratch1/sd/chenxy/Xuehang/240_1/2/2duniform-568.h5
/global/cscratch1/sd/chenxy/Xuehang/240_1/2/2duniform-569.h5
/global/cscratch1/sd/chenxy/Xuehang/240_1/2/2duniform-570.h5
/global/cscratch1/sd/chenxy/Xuehang/240_1/2/2duniform-571.h5
/global/cscratch1/sd/chenxy/Xuehang/240_1/2/2duniform-572.h5
/global/cscratch1/sd/chenxy/Xuehang/240_1/2/2duniform-573.h5
/global/cscratch1/sd/chenxy/Xuehang/240_1/2/2duniform-574.h5
/global/cscratch1/sd/chenxy/Xuehang/240_1/2/2duniform-575.h5
/global/cscratch1/sd/chenxy/Xuehang/240_1/2/2duniform-576.h5
/global/cscratch1/sd/chenxy/Xuehang/240_1/2/2duniform-577.h5
/global/cscratch1/sd/chenxy/Xuehang/240_1/2/2duniform-578.h5
/global/cscratch1/sd/chenxy/Xuehang/240_1/2/2duniform-579.h5
/global/cscratch1/sd/chenxy/Xuehang/240_1/2/2duniform-580.h5
/global/cscratch1/sd/chenxy/Xuehang/240_1/2/2duniform-581.h5
/global/cscratch1/sd/chenxy/Xuehang/240_1/2/2duniform-582.h5
/global/cscratch1/sd/chenxy/Xuehang/240_1/2/2duniform-583.h5
/global/cscratch1/sd/chenxy/Xuehang/240_1/2/2duniform-584.h5
/global/cscratch1/sd/chenxy/Xuehang/240_1/2/2duniform-585.h5
/global/cscratch1/sd/chenxy/Xuehang/240_1/2/2duniform-586.h5
/global/cscratch1/sd/chenxy/Xuehang/240_1/2/2duniform-587.h5
/global/cscratch1/sd/chenxy/Xuehang/240_1/2/2duniform-588.h5
/global/cscratch1/sd/chenxy/Xuehang/240_1/2/2duniform-589.h5
/global/cscratch1/sd/chenxy/Xuehang/240_1/2/2duniform-590.h5
/global/cscratch1/sd/chenxy/Xuehang/240_1/2/2duniform-591.h5
/global/cscratch1/sd/chenxy/Xuehang/240_1/2/2duniform-592.h5
/global/cscratch1/sd/chenxy/Xuehang/240_1/2/2duniform-593.h5
/global/cscratch1/sd/chenxy/Xuehang/240_1/2/2duniform-594.h5
/global/cscratch1/sd/chenxy/Xuehang/240_1/2/2duniform-595.h5
/global/cscratch1/sd/chenxy/Xuehang/240_1/2/2duniform-596.h5
/global/cscratch1/sd/chenxy/Xuehang/240_1/2/2duniform-597.h5
/global/cscratch1/sd/chenxy/Xuehang/240_1/2/2duniform-598.h5
/global/cscratch1/sd/chenxy/Xuehang/240_1/2/2duniform-599.h5
/global/cscratch1/sd/chenxy/Xuehang/240_1/2/2duniform-600.h5
/global/cscratch1/sd/chenxy/Xuehang/240_1/2/2duniform-601.h5
/global/cscratch1/sd/chenxy/Xuehang/240_1/2/2duniform-602.h5
/global/cscratch1/sd/chenxy/Xuehang/240_1/2/2duniform-603.h5
/global/cscratch1/sd/chenxy/Xuehang/240_1/2/2duniform-604.h5
/global/cscratch1/sd/chenxy/Xuehang/240_1/2/2duniform-605.h5
/global/cscratch1/sd/chenxy/Xuehang/240_1/2/2duniform-606.h5
/global/cscratch1/sd/chenxy/Xuehang/240_1/2/2duniform-607.h5
/global/cscratch1/sd/chenxy/Xuehang/240_1/2/2duniform-608.h5
/global/cscratch1/sd/chenxy/Xuehang/240_1/2/2duniform-609.h5
/global/cscratch1/sd/chenxy/Xuehang/240_1/2/2duniform-610.h5
/global/cscratch1/sd/chenxy/Xuehang/240_1/2/2duniform-611.h5
/global/cscratch1/sd/chenxy/Xuehang/240_1/2/2duniform-612.h5
/global/cscratch1/sd/chenxy/Xuehang/240_1/2/2duniform-613.h5
/global/cscratch1/sd/chenxy/Xuehang/240_1/2/2duniform-614.h5
/global/cscratch1/sd/chenxy/Xuehang/240_1/2/2duniform-615.h5
/global/cscratch1/sd/chenxy/Xuehang/240_1/2/2duniform-616.h5
/global/cscratch1/sd/chenxy/Xuehang/240_1/2/2duniform-617.h5
/global/cscratch1/sd/chenxy/Xuehang/240_1/2/2duniform-618.h5
/global/cscratch1/sd/chenxy/Xuehang/240_1/2/2duniform-619.h5
/global/cscratch1/sd/chenxy/Xuehang/240_1/2/2duniform-620.h5
/global/cscratch1/sd/chenxy/Xuehang/240_1/2/2duniform-621.h5
/global/cscratch1/sd/chenxy/Xuehang/240_1/2/2duniform-622.h5
/global/cscratch1/sd/chenxy/Xuehang/240_1/2/2duniform-623.h5
/global/cscratch1/sd/chenxy/Xuehang/240_1/2/2duniform-624.h5
/global/cscratch1/sd/chenxy/Xuehang/240_1/2/2duniform-625.h5
/global/cscratch1/sd/chenxy/Xuehang/240_1/2/2duniform-626.h5
Traceback (most recent call last):
  File "extract_hanford_multi.py", line 65, in <module>
    fig = plt.figure()
  File "/global/homes/x/xhsong/edison-envs/edison/lib/python3.6/site-packages/matplotlib/pyplot.py", line 533, in figure
    **kwargs)
  File "/global/homes/x/xhsong/edison-envs/edison/lib/python3.6/site-packages/matplotlib/backend_bases.py", line 161, in new_figure_manager
    return cls.new_figure_manager_given_figure(num, fig)
  File "/global/homes/x/xhsong/edison-envs/edison/lib/python3.6/site-packages/matplotlib/backends/_backend_tk.py", line 1046, in new_figure_manager_given_figure
    window = Tk.Tk(className="matplotlib")
  File "/global/homes/x/xhsong/edison-envs/edison/lib/python3.6/tkinter/__init__.py", line 2020, in __init__
    self.tk = _tkinter.create(screenName, baseName, className, interactive, wantobjects, useTk, sync, use)
_tkinter.TclError: no display name and no $DISPLAY environment variable
